{"/build/src/Client.ts": {"path":"/build/src/Client.ts","statementMap":{"0":{"start":{"line":3,"column":0},"end":{"line":3,"column":62}},"1":{"start":{"line":4,"column":0},"end":{"line":4,"column":50}},"2":{"start":{"line":5,"column":0},"end":{"line":5,"column":52}},"3":{"start":{"line":7,"column":0},"end":{"line":7,"column":42}},"4":{"start":{"line":8,"column":0},"end":{"line":8,"column":56}},"5":{"start":{"line":9,"column":0},"end":{"line":9,"column":42}},"6":{"start":{"line":10,"column":0},"end":{"line":10,"column":42}},"7":{"start":{"line":11,"column":0},"end":{"line":11,"column":42}},"8":{"start":{"line":12,"column":0},"end":{"line":12,"column":46}},"9":{"start":{"line":13,"column":0},"end":{"line":13,"column":44}},"10":{"start":{"line":14,"column":0},"end":{"line":14,"column":44}},"11":{"start":{"line":15,"column":0},"end":{"line":15,"column":40}},"12":{"start":{"line":16,"column":0},"end":{"line":16,"column":40}},"13":{"start":{"line":18,"column":0},"end":{"line":18,"column":49}},"14":{"start":{"line":33,"column":17},"end":{"line":33,"column":69}},"15":{"start":{"line":36,"column":8},"end":{"line":36,"column":72}},"16":{"start":{"line":38,"column":6},"end":{"line":38,"column":36}},"17":{"start":{"line":40,"column":4},"end":{"line":40,"column":45}},"18":{"start":{"line":42,"column":23},"end":{"line":42,"column":63}},"19":{"start":{"line":43,"column":4},"end":{"line":43,"column":62}},"20":{"start":{"line":44,"column":4},"end":{"line":44,"column":41}},"21":{"start":{"line":45,"column":4},"end":{"line":45,"column":16}},"22":{"start":{"line":66,"column":6},"end":{"line":66,"column":36}},"23":{"start":{"line":68,"column":6},"end":{"line":68,"column":45}},"24":{"start":{"line":70,"column":4},"end":{"line":70,"column":35}},"25":{"start":{"line":75,"column":6},"end":{"line":79,"column":11}},"26":{"start":{"line":78,"column":10},"end":{"line":78,"column":22}},"27":{"start":{"line":81,"column":6},"end":{"line":81,"column":19}},"28":{"start":{"line":89,"column":17},"end":{"line":89,"column":21}},"29":{"start":{"line":90,"column":19},"end":{"line":90,"column":67}},"30":{"start":{"line":92,"column":4},"end":{"line":92,"column":57}},"31":{"start":{"line":95,"column":6},"end":{"line":95,"column":37}},"32":{"start":{"line":98,"column":6},"end":{"line":98,"column":32}},"33":{"start":{"line":100,"column":4},"end":{"line":100,"column":25}},"34":{"start":{"line":104,"column":24},"end":{"line":104,"column":51}},"35":{"start":{"line":105,"column":8},"end":{"line":105,"column":72}},"36":{"start":{"line":106,"column":8},"end":{"line":106,"column":20}},"37":{"start":{"line":108,"column":8},"end":{"line":108,"column":52}},"38":{"start":{"line":113,"column":6},"end":{"line":113,"column":39}},"39":{"start":{"line":116,"column":8},"end":{"line":116,"column":112}},"40":{"start":{"line":118,"column":6},"end":{"line":118,"column":110}},"41":{"start":{"line":126,"column":4},"end":{"line":126,"column":30}},"42":{"start":{"line":133,"column":4},"end":{"line":133,"column":37}},"43":{"start":{"line":140,"column":4},"end":{"line":140,"column":30}},"44":{"start":{"line":147,"column":4},"end":{"line":147,"column":30}},"45":{"start":{"line":154,"column":4},"end":{"line":154,"column":30}},"46":{"start":{"line":161,"column":4},"end":{"line":161,"column":32}},"47":{"start":{"line":168,"column":4},"end":{"line":168,"column":31}},"48":{"start":{"line":175,"column":4},"end":{"line":175,"column":31}},"49":{"start":{"line":182,"column":4},"end":{"line":182,"column":29}},"50":{"start":{"line":189,"column":4},"end":{"line":189,"column":29}},"51":{"start":{"line":24,"column":0},"end":{"line":24,"column":13}}},"fnMap":{"0":{"name":"(anonymous_8)","decl":{"start":{"line":64,"column":2},"end":{"line":64,"column":21}},"loc":{"start":{"line":64,"column":44},"end":{"line":71,"column":3}}},"1":{"name":"(anonymous_11)","decl":{"start":{"line":77,"column":14},"end":{"line":77,"column":17}},"loc":{"start":{"line":77,"column":19},"end":{"line":79,"column":9}}},"2":{"name":"(anonymous_14)","decl":{"start":{"line":125,"column":9},"end":{"line":125,"column":15}},"loc":{"start":{"line":125,"column":15},"end":{"line":127,"column":3}}},"3":{"name":"(anonymous_15)","decl":{"start":{"line":132,"column":9},"end":{"line":132,"column":21}},"loc":{"start":{"line":132,"column":21},"end":{"line":134,"column":3}}},"4":{"name":"(anonymous_16)","decl":{"start":{"line":139,"column":9},"end":{"line":139,"column":15}},"loc":{"start":{"line":139,"column":15},"end":{"line":141,"column":3}}},"5":{"name":"(anonymous_17)","decl":{"start":{"line":146,"column":9},"end":{"line":146,"column":15}},"loc":{"start":{"line":146,"column":15},"end":{"line":148,"column":3}}},"6":{"name":"(anonymous_18)","decl":{"start":{"line":153,"column":9},"end":{"line":153,"column":14}},"loc":{"start":{"line":153,"column":14},"end":{"line":155,"column":3}}},"7":{"name":"(anonymous_19)","decl":{"start":{"line":160,"column":9},"end":{"line":160,"column":16}},"loc":{"start":{"line":160,"column":16},"end":{"line":162,"column":3}}},"8":{"name":"(anonymous_20)","decl":{"start":{"line":167,"column":9},"end":{"line":167,"column":15}},"loc":{"start":{"line":167,"column":15},"end":{"line":169,"column":3}}},"9":{"name":"(anonymous_21)","decl":{"start":{"line":174,"column":9},"end":{"line":174,"column":15}},"loc":{"start":{"line":174,"column":15},"end":{"line":176,"column":3}}},"10":{"name":"(anonymous_22)","decl":{"start":{"line":181,"column":9},"end":{"line":181,"column":13}},"loc":{"start":{"line":181,"column":13},"end":{"line":183,"column":3}}},"11":{"name":"(anonymous_23)","decl":{"start":{"line":188,"column":9},"end":{"line":188,"column":13}},"loc":{"start":{"line":188,"column":13},"end":{"line":190,"column":3}}}},"branchMap":{},"s":{"0":1,"1":1,"2":1,"3":1,"4":1,"5":1,"6":1,"7":1,"8":1,"9":1,"10":1,"11":1,"12":1,"13":1,"14":3,"15":0,"16":1,"17":3,"18":3,"19":3,"20":3,"21":3,"22":4,"23":0,"24":4,"25":0,"26":0,"27":0,"28":1,"29":1,"30":1,"31":0,"32":1,"33":1,"34":0,"35":0,"36":0,"37":0,"38":1,"39":0,"40":0,"41":0,"42":0,"43":0,"44":0,"45":0,"46":0,"47":0,"48":0,"49":0,"50":1,"51":1},"f":{"0":4,"1":0,"2":0,"3":0,"4":0,"5":0,"6":0,"7":0,"8":0,"9":0,"10":0,"11":1},"b":{}}
,"/build/src/api/ErrorMessage.ts": {"path":"/build/src/api/ErrorMessage.ts","statementMap":{"0":{"start":{"line":6,"column":6},"end":{"line":6,"column":27}},"1":{"start":{"line":8,"column":6},"end":{"line":8,"column":29}},"2":{"start":{"line":13,"column":4},"end":{"line":13,"column":25}},"3":{"start":{"line":1,"column":0},"end":{"line":1,"column":13}}},"fnMap":{"0":{"name":"(anonymous_0)","decl":{"start":{"line":4,"column":2},"end":{"line":4,"column":21}},"loc":{"start":{"line":4,"column":44},"end":{"line":10,"column":3}}},"1":{"name":"(anonymous_1)","decl":{"start":{"line":12,"column":9},"end":{"line":12,"column":15}},"loc":{"start":{"line":12,"column":15},"end":{"line":14,"column":3}}}},"branchMap":{},"s":{"0":2,"1":2,"2":4,"3":12},"f":{"0":4,"1":4},"b":{}}
,"/build/src/api/TwitarrAuthConfig.ts": {"path":"/build/src/api/TwitarrAuthConfig.ts","statementMap":{"0":{"start":{"line":20,"column":4},"end":{"line":20,"column":29}},"1":{"start":{"line":21,"column":4},"end":{"line":21,"column":29}},"2":{"start":{"line":22,"column":4},"end":{"line":22,"column":19}},"3":{"start":{"line":29,"column":4},"end":{"line":29,"column":73}},"4":{"start":{"line":5,"column":0},"end":{"line":5,"column":13}}},"fnMap":{"0":{"name":"(anonymous_0)","decl":{"start":{"line":19,"column":2},"end":{"line":19,"column":21}},"loc":{"start":{"line":19,"column":71},"end":{"line":23,"column":3}}},"1":{"name":"(anonymous_1)","decl":{"start":{"line":28,"column":9},"end":{"line":28,"column":14}},"loc":{"start":{"line":28,"column":14},"end":{"line":30,"column":3}}}},"branchMap":{},"s":{"0":81,"1":81,"2":81,"3":0,"4":10},"f":{"0":81,"1":0},"b":{}}
,"/build/src/api/TwitarrError.ts": {"path":"/build/src/api/TwitarrError.ts","statementMap":{"0":{"start":{"line":1,"column":0},"end":{"line":1,"column":46}},"1":{"start":{"line":32,"column":4},"end":{"line":32,"column":27}},"2":{"start":{"line":38,"column":6},"end":{"line":38,"column":26}},"3":{"start":{"line":41,"column":6},"end":{"line":41,"column":37}},"4":{"start":{"line":43,"column":18},"end":{"line":43,"column":45}},"5":{"start":{"line":44,"column":6},"end":{"line":44,"column":33}},"6":{"start":{"line":46,"column":4},"end":{"line":46,"column":21}},"7":{"start":{"line":55,"column":4},"end":{"line":55,"column":19}},"8":{"start":{"line":56,"column":17},"end":{"line":56,"column":21}},"9":{"start":{"line":57,"column":4},"end":{"line":57,"column":38}},"10":{"start":{"line":58,"column":4},"end":{"line":58,"column":27}},"11":{"start":{"line":59,"column":4},"end":{"line":59,"column":27}},"12":{"start":{"line":60,"column":4},"end":{"line":60,"column":21}},"13":{"start":{"line":63,"column":6},"end":{"line":63,"column":55}},"14":{"start":{"line":65,"column":6},"end":{"line":65,"column":57}},"15":{"start":{"line":67,"column":6},"end":{"line":67,"column":47}},"16":{"start":{"line":69,"column":6},"end":{"line":69,"column":67}},"17":{"start":{"line":73,"column":6},"end":{"line":73,"column":54}},"18":{"start":{"line":75,"column":6},"end":{"line":75,"column":44}},"19":{"start":{"line":78,"column":4},"end":{"line":78,"column":56}},"20":{"start":{"line":85,"column":18},"end":{"line":85,"column":30}},"21":{"start":{"line":87,"column":24},"end":{"line":87,"column":51}},"22":{"start":{"line":88,"column":6},"end":{"line":88,"column":58}},"23":{"start":{"line":89,"column":6},"end":{"line":89,"column":88}},"24":{"start":{"line":90,"column":6},"end":{"line":90,"column":62}},"25":{"start":{"line":93,"column":6},"end":{"line":93,"column":51}},"26":{"start":{"line":95,"column":6},"end":{"line":95,"column":33}},"27":{"start":{"line":8,"column":0},"end":{"line":8,"column":13}}},"fnMap":{"0":{"name":"(anonymous_0)","decl":{"start":{"line":31,"column":2},"end":{"line":31,"column":13}},"loc":{"start":{"line":31,"column":17},"end":{"line":33,"column":3}}},"1":{"name":"(anonymous_1)","decl":{"start":{"line":36,"column":2},"end":{"line":36,"column":13}},"loc":{"start":{"line":36,"column":31},"end":{"line":47,"column":3}}},"2":{"name":"(anonymous_2)","decl":{"start":{"line":54,"column":2},"end":{"line":54,"column":21}},"loc":{"start":{"line":54,"column":93},"end":{"line":79,"column":3}}},"3":{"name":"(anonymous_3)","decl":{"start":{"line":84,"column":9},"end":{"line":84,"column":17}},"loc":{"start":{"line":84,"column":17},"end":{"line":97,"column":3}}}},"branchMap":{"0":{"loc":{"start":{"line":40,"column":8},"end":{"line":40,"column":43}},"type":"binary-expr","locations":[{"start":{"line":40,"column":8},"end":{"line":40,"column":43}},{"start":{"line":40,"column":47},"end":{"line":40,"column":78}}]},"1":{"loc":{"start":{"line":42,"column":15},"end":{"line":42,"column":26}},"type":"binary-expr","locations":[{"start":{"line":42,"column":15},"end":{"line":42,"column":26}},{"start":{"line":42,"column":30},"end":{"line":42,"column":65}}]},"2":{"loc":{"start":{"line":62,"column":8},"end":{"line":62,"column":34}},"type":"binary-expr","locations":[{"start":{"line":62,"column":8},"end":{"line":62,"column":34}},{"start":{"line":62,"column":38},"end":{"line":62,"column":62}}]},"3":{"loc":{"start":{"line":66,"column":15},"end":{"line":66,"column":21}},"type":"binary-expr","locations":[{"start":{"line":66,"column":15},"end":{"line":66,"column":21}},{"start":{"line":66,"column":25},"end":{"line":66,"column":55}}]},"4":{"loc":{"start":{"line":90,"column":27},"end":{"line":90,"column":41}},"type":"cond-expr","locations":[{"start":{"line":90,"column":27},"end":{"line":90,"column":41}},{"start":{"line":90,"column":44},"end":{"line":90,"column":46}}]}},"s":{"0":12,"1":30,"2":0,"3":0,"4":0,"5":0,"6":0,"7":24,"8":24,"9":24,"10":24,"11":24,"12":24,"13":2,"14":2,"15":2,"16":0,"17":24,"18":0,"19":24,"20":20,"21":5,"22":5,"23":5,"24":5,"25":7,"26":13,"27":12},"f":{"0":30,"1":0,"2":24,"3":20},"b":{"0":[0,0],"1":[0,0],"2":[24,22],"3":[20,2],"4":[2,3]}}
,"/build/src/api/TwitarrHTTPOptions.ts": {"path":"/build/src/api/TwitarrHTTPOptions.ts","statementMap":{"0":{"start":{"line":1,"column":0},"end":{"line":1,"column":56}},"1":{"start":{"line":6,"column":24},"end":{"line":6,"column":29}},"2":{"start":{"line":9,"column":21},"end":{"line":9,"column":42}},"3":{"start":{"line":12,"column":18},"end":{"line":12,"column":36}},"4":{"start":{"line":47,"column":9},"end":{"line":47,"column":37}},"5":{"start":{"line":50,"column":9},"end":{"line":50,"column":40}},"6":{"start":{"line":65,"column":6},"end":{"line":65,"column":29}},"7":{"start":{"line":68,"column":6},"end":{"line":68,"column":23}},"8":{"start":{"line":71,"column":6},"end":{"line":71,"column":27}},"9":{"start":{"line":22,"column":6},"end":{"line":22,"column":32}},"10":{"start":{"line":24,"column":4},"end":{"line":24,"column":27}},"11":{"start":{"line":28,"column":4},"end":{"line":28,"column":27}},"12":{"start":{"line":34,"column":6},"end":{"line":34,"column":48}},"13":{"start":{"line":36,"column":4},"end":{"line":36,"column":27}},"14":{"start":{"line":40,"column":4},"end":{"line":40,"column":24}},"15":{"start":{"line":81,"column":4},"end":{"line":81,"column":33}},"16":{"start":{"line":82,"column":4},"end":{"line":82,"column":16}},"17":{"start":{"line":92,"column":6},"end":{"line":92,"column":40}},"18":{"start":{"line":94,"column":4},"end":{"line":94,"column":16}},"19":{"start":{"line":102,"column":4},"end":{"line":102,"column":19}},"20":{"start":{"line":103,"column":4},"end":{"line":103,"column":35}},"21":{"start":{"line":104,"column":4},"end":{"line":104,"column":16}},"22":{"start":{"line":108,"column":16},"end":{"line":108,"column":39}},"23":{"start":{"line":110,"column":6},"end":{"line":110,"column":33}},"24":{"start":{"line":111,"column":6},"end":{"line":111,"column":31}},"25":{"start":{"line":114,"column":6},"end":{"line":114,"column":27}},"26":{"start":{"line":115,"column":6},"end":{"line":115,"column":28}},"27":{"start":{"line":117,"column":4},"end":{"line":117,"column":15}},"28":{"start":{"line":18,"column":0},"end":{"line":18,"column":13}}},"fnMap":{"0":{"name":"(anonymous_0)","decl":{"start":{"line":63,"column":2},"end":{"line":63,"column":21}},"loc":{"start":{"line":63,"column":87},"end":{"line":73,"column":3}}},"1":{"name":"(anonymous_1)","decl":{"start":{"line":20,"column":2},"end":{"line":20,"column":13}},"loc":{"start":{"line":20,"column":20},"end":{"line":25,"column":3}}},"2":{"name":"(anonymous_2)","decl":{"start":{"line":27,"column":2},"end":{"line":27,"column":13}},"loc":{"start":{"line":27,"column":30},"end":{"line":29,"column":3}}},"3":{"name":"(anonymous_3)","decl":{"start":{"line":32,"column":2},"end":{"line":32,"column":13}},"loc":{"start":{"line":32,"column":17},"end":{"line":37,"column":3}}},"4":{"name":"(anonymous_4)","decl":{"start":{"line":39,"column":2},"end":{"line":39,"column":13}},"loc":{"start":{"line":39,"column":38},"end":{"line":41,"column":3}}},"5":{"name":"(anonymous_5)","decl":{"start":{"line":80,"column":9},"end":{"line":80,"column":19}},"loc":{"start":{"line":80,"column":49},"end":{"line":83,"column":3}}},"6":{"name":"(anonymous_6)","decl":{"start":{"line":90,"column":9},"end":{"line":90,"column":22}},"loc":{"start":{"line":90,"column":47},"end":{"line":95,"column":3}}},"7":{"name":"(anonymous_7)","decl":{"start":{"line":101,"column":9},"end":{"line":101,"column":17}},"loc":{"start":{"line":101,"column":27},"end":{"line":105,"column":3}}},"8":{"name":"(anonymous_8)","decl":{"start":{"line":107,"column":9},"end":{"line":107,"column":15}},"loc":{"start":{"line":107,"column":15},"end":{"line":118,"column":3}}}},"branchMap":{},"s":{"0":9,"1":9,"2":9,"3":9,"4":112,"5":112,"6":1,"7":3,"8":3,"9":1,"10":1,"11":1,"12":0,"13":1,"14":4,"15":1,"16":1,"17":32,"18":32,"19":7,"20":7,"21":7,"22":2,"23":1,"24":1,"25":1,"26":1,"27":2,"28":9},"f":{"0":112,"1":2,"2":1,"3":1,"4":4,"5":1,"6":32,"7":7,"8":2},"b":{}}
,"/build/src/api/TwitarrResult.ts": {"path":"/build/src/api/TwitarrResult.ts","statementMap":{"0":{"start":{"line":1,"column":0},"end":{"line":1,"column":46}},"1":{"start":{"line":42,"column":4},"end":{"line":42,"column":27}},"2":{"start":{"line":43,"column":4},"end":{"line":43,"column":21}},"3":{"start":{"line":44,"column":4},"end":{"line":44,"column":21}},"4":{"start":{"line":46,"column":4},"end":{"line":46,"column":21}},"5":{"start":{"line":47,"column":19},"end":{"line":47,"column":97}},"6":{"start":{"line":48,"column":19},"end":{"line":48,"column":97}},"7":{"start":{"line":51,"column":6},"end":{"line":51,"column":48}},"8":{"start":{"line":55,"column":6},"end":{"line":55,"column":76}},"9":{"start":{"line":10,"column":4},"end":{"line":10,"column":67}},"10":{"start":{"line":16,"column":4},"end":{"line":16,"column":54}},"11":{"start":{"line":61,"column":4},"end":{"line":61,"column":71}},"12":{"start":{"line":7,"column":0},"end":{"line":7,"column":13}}},"fnMap":{"0":{"name":"(anonymous_0)","decl":{"start":{"line":41,"column":2},"end":{"line":41,"column":21}},"loc":{"start":{"line":41,"column":76},"end":{"line":57,"column":3}}},"1":{"name":"(anonymous_1)","decl":{"start":{"line":9,"column":9},"end":{"line":9,"column":15}},"loc":{"start":{"line":9,"column":80},"end":{"line":11,"column":3}}},"2":{"name":"(anonymous_2)","decl":{"start":{"line":14,"column":9},"end":{"line":14,"column":15}},"loc":{"start":{"line":14,"column":25},"end":{"line":17,"column":3}}},"3":{"name":"(anonymous_3)","decl":{"start":{"line":60,"column":9},"end":{"line":60,"column":18}},"loc":{"start":{"line":60,"column":18},"end":{"line":62,"column":3}}}},"branchMap":{"0":{"loc":{"start":{"line":47,"column":61},"end":{"line":47,"column":85}},"type":"cond-expr","locations":[{"start":{"line":47,"column":61},"end":{"line":47,"column":85}},{"start":{"line":47,"column":88},"end":{"line":47,"column":97}}]},"1":{"loc":{"start":{"line":47,"column":19},"end":{"line":47,"column":28}},"type":"binary-expr","locations":[{"start":{"line":47,"column":19},"end":{"line":47,"column":28}},{"start":{"line":47,"column":33},"end":{"line":47,"column":57}}]},"2":{"loc":{"start":{"line":48,"column":61},"end":{"line":48,"column":85}},"type":"cond-expr","locations":[{"start":{"line":48,"column":61},"end":{"line":48,"column":85}},{"start":{"line":48,"column":88},"end":{"line":48,"column":97}}]},"3":{"loc":{"start":{"line":48,"column":19},"end":{"line":48,"column":28}},"type":"binary-expr","locations":[{"start":{"line":48,"column":19},"end":{"line":48,"column":28}},{"start":{"line":48,"column":33},"end":{"line":48,"column":57}}]},"4":{"loc":{"start":{"line":50,"column":8},"end":{"line":50,"column":16}},"type":"binary-expr","locations":[{"start":{"line":50,"column":8},"end":{"line":50,"column":16}},{"start":{"line":50,"column":20},"end":{"line":50,"column":29}},{"start":{"line":50,"column":34},"end":{"line":50,"column":59}}]},"5":{"loc":{"start":{"line":54,"column":8},"end":{"line":54,"column":25}},"type":"binary-expr","locations":[{"start":{"line":54,"column":8},"end":{"line":54,"column":25}},{"start":{"line":54,"column":29},"end":{"line":54,"column":35}},{"start":{"line":54,"column":39},"end":{"line":54,"column":57}}]},"6":{"loc":{"start":{"line":10,"column":48},"end":{"line":10,"column":52}},"type":"binary-expr","locations":[{"start":{"line":10,"column":48},"end":{"line":10,"column":52}},{"start":{"line":10,"column":56},"end":{"line":10,"column":59}}]},"7":{"loc":{"start":{"line":61,"column":11},"end":{"line":61,"column":28}},"type":"binary-expr","locations":[{"start":{"line":61,"column":11},"end":{"line":61,"column":28}},{"start":{"line":61,"column":32},"end":{"line":61,"column":49}},{"start":{"line":61,"column":53},"end":{"line":61,"column":70}}]}},"s":{"0":8,"1":57,"2":57,"3":57,"4":57,"5":57,"6":57,"7":1,"8":0,"9":57,"10":0,"11":79,"12":8},"f":{"0":57,"1":57,"2":0,"3":79},"b":{"0":[0,57],"1":[57,55],"2":[51,6],"3":[57,55],"4":[57,57,55],"5":[57,57,57],"6":[57,56],"7":[79,2,2]}}
,"/build/src/api/TwitarrServer.ts": {"path":"/build/src/api/TwitarrServer.ts","statementMap":{"0":{"start":{"line":2,"column":12},"end":{"line":2,"column":28}},"1":{"start":{"line":4,"column":0},"end":{"line":4,"column":56}},"2":{"start":{"line":5,"column":0},"end":{"line":5,"column":40}},"3":{"start":{"line":44,"column":4},"end":{"line":44,"column":30}},"4":{"start":{"line":45,"column":4},"end":{"line":45,"column":21}},"5":{"start":{"line":46,"column":4},"end":{"line":46,"column":19}},"6":{"start":{"line":48,"column":6},"end":{"line":48,"column":23}},"7":{"start":{"line":50,"column":6},"end":{"line":50,"column":56}},"8":{"start":{"line":62,"column":6},"end":{"line":62,"column":23}},"9":{"start":{"line":65,"column":6},"end":{"line":65,"column":22}},"10":{"start":{"line":67,"column":14},"end":{"line":67,"column":27}},"11":{"start":{"line":69,"column":6},"end":{"line":69,"column":29}},"12":{"start":{"line":71,"column":6},"end":{"line":71,"column":37}},"13":{"start":{"line":74,"column":6},"end":{"line":74,"column":36}},"14":{"start":{"line":76,"column":4},"end":{"line":76,"column":26}},"15":{"start":{"line":83,"column":17},"end":{"line":83,"column":58}},"16":{"start":{"line":84,"column":16},"end":{"line":84,"column":60}},"17":{"start":{"line":85,"column":4},"end":{"line":85,"column":15}},"18":{"start":{"line":93,"column":6},"end":{"line":93,"column":23}},"19":{"start":{"line":95,"column":4},"end":{"line":95,"column":36}},"20":{"start":{"line":100,"column":4},"end":{"line":100,"column":51}},"21":{"start":{"line":11,"column":0},"end":{"line":11,"column":13}}},"fnMap":{"0":{"name":"(anonymous_0)","decl":{"start":{"line":43,"column":2},"end":{"line":43,"column":21}},"loc":{"start":{"line":43,"column":102},"end":{"line":52,"column":3}}},"1":{"name":"(anonymous_1)","decl":{"start":{"line":60,"column":9},"end":{"line":60,"column":19}},"loc":{"start":{"line":60,"column":57},"end":{"line":77,"column":3}}},"2":{"name":"(anonymous_2)","decl":{"start":{"line":82,"column":9},"end":{"line":82,"column":14}},"loc":{"start":{"line":82,"column":14},"end":{"line":86,"column":3}}},"3":{"name":"(anonymous_3)","decl":{"start":{"line":91,"column":2},"end":{"line":91,"column":13}},"loc":{"start":{"line":91,"column":17},"end":{"line":96,"column":3}}},"4":{"name":"(anonymous_4)","decl":{"start":{"line":99,"column":9},"end":{"line":99,"column":17}},"loc":{"start":{"line":99,"column":17},"end":{"line":101,"column":3}}}},"branchMap":{"0":{"loc":{"start":{"line":68,"column":8},"end":{"line":68,"column":38}},"type":"binary-expr","locations":[{"start":{"line":68,"column":8},"end":{"line":68,"column":38}},{"start":{"line":68,"column":42},"end":{"line":68,"column":75}}]},"1":{"loc":{"start":{"line":83,"column":29},"end":{"line":83,"column":46}},"type":"cond-expr","locations":[{"start":{"line":83,"column":29},"end":{"line":83,"column":46}},{"start":{"line":83,"column":49},"end":{"line":83,"column":58}}]},"2":{"loc":{"start":{"line":100,"column":28},"end":{"line":100,"column":37}},"type":"binary-expr","locations":[{"start":{"line":100,"column":28},"end":{"line":100,"column":37}},{"start":{"line":100,"column":41},"end":{"line":100,"column":49}}]}},"s":{"0":9,"1":9,"2":9,"3":80,"4":80,"5":80,"6":75,"7":5,"8":1,"9":2,"10":11,"11":2,"12":9,"13":1,"14":11,"15":0,"16":0,"17":0,"18":1,"19":2,"20":0,"21":9},"f":{"0":80,"1":14,"2":0,"3":3,"4":0},"b":{"0":[11,9],"1":[0,0],"2":[0,0]}}
,"/build/src/dao/AbstractDAO.ts": {"path":"/build/src/dao/AbstractDAO.ts","statementMap":{"0":{"start":{"line":3,"column":0},"end":{"line":3,"column":51}},"1":{"start":{"line":21,"column":6},"end":{"line":21,"column":37}},"2":{"start":{"line":23,"column":4},"end":{"line":23,"column":41}},"3":{"start":{"line":30,"column":4},"end":{"line":30,"column":25}},"4":{"start":{"line":34,"column":4},"end":{"line":34,"column":25}},"5":{"start":{"line":39,"column":21},"end":{"line":39,"column":82}},"6":{"start":{"line":42,"column":8},"end":{"line":42,"column":27}},"7":{"start":{"line":45,"column":4},"end":{"line":45,"column":102}},"8":{"start":{"line":6,"column":0},"end":{"line":6,"column":22}}},"fnMap":{"0":{"name":"(anonymous_0)","decl":{"start":{"line":19,"column":2},"end":{"line":19,"column":21}},"loc":{"start":{"line":19,"column":50},"end":{"line":24,"column":3}}},"1":{"name":"(anonymous_1)","decl":{"start":{"line":29,"column":2},"end":{"line":29,"column":13}},"loc":{"start":{"line":29,"column":17},"end":{"line":31,"column":3}}},"2":{"name":"(anonymous_2)","decl":{"start":{"line":33,"column":2},"end":{"line":33,"column":13}},"loc":{"start":{"line":33,"column":36},"end":{"line":35,"column":3}}},"3":{"name":"(anonymous_3)","decl":{"start":{"line":37,"column":12},"end":{"line":37,"column":24}},"loc":{"start":{"line":37,"column":51},"end":{"line":46,"column":3}}}},"branchMap":{"0":{"loc":{"start":{"line":39,"column":57},"end":{"line":39,"column":75}},"type":"cond-expr","locations":[{"start":{"line":39,"column":57},"end":{"line":39,"column":75}},{"start":{"line":39,"column":78},"end":{"line":39,"column":82}}]},"1":{"loc":{"start":{"line":39,"column":21},"end":{"line":39,"column":32}},"type":"binary-expr","locations":[{"start":{"line":39,"column":21},"end":{"line":39,"column":32}},{"start":{"line":39,"column":36},"end":{"line":39,"column":54}}]}},"s":{"0":8,"1":1,"2":58,"3":65,"4":0,"5":19,"6":19,"7":0,"8":8},"f":{"0":58,"1":65,"2":0,"3":19},"b":{"0":[18,1],"1":[19,19]}}
,"/build/src/dao/AlertDAO.ts": {"path":"/build/src/dao/AlertDAO.ts","statementMap":{"0":{"start":{"line":3,"column":0},"end":{"line":3,"column":63}},"1":{"start":{"line":5,"column":0},"end":{"line":5,"column":55}},"2":{"start":{"line":7,"column":0},"end":{"line":7,"column":44}},"3":{"start":{"line":22,"column":20},"end":{"line":22,"column":74}},"4":{"start":{"line":24,"column":6},"end":{"line":24,"column":78}},"5":{"start":{"line":27,"column":6},"end":{"line":27,"column":50}},"6":{"start":{"line":29,"column":4},"end":{"line":34,"column":9}},"7":{"start":{"line":31,"column":22},"end":{"line":31,"column":47}},"8":{"start":{"line":33,"column":8},"end":{"line":33,"column":44}},"9":{"start":{"line":38,"column":20},"end":{"line":38,"column":74}},"10":{"start":{"line":40,"column":6},"end":{"line":40,"column":78}},"11":{"start":{"line":42,"column":4},"end":{"line":47,"column":9}},"12":{"start":{"line":44,"column":22},"end":{"line":44,"column":47}},"13":{"start":{"line":46,"column":8},"end":{"line":46,"column":43}},"14":{"start":{"line":17,"column":0},"end":{"line":17,"column":13}}},"fnMap":{"0":{"name":"(anonymous_8)","decl":{"start":{"line":31,"column":12},"end":{"line":31,"column":18}},"loc":{"start":{"line":31,"column":22},"end":{"line":31,"column":47}}},"1":{"name":"(anonymous_9)","decl":{"start":{"line":32,"column":12},"end":{"line":32,"column":16}},"loc":{"start":{"line":32,"column":19},"end":{"line":34,"column":7}}},"2":{"name":"(anonymous_12)","decl":{"start":{"line":44,"column":12},"end":{"line":44,"column":18}},"loc":{"start":{"line":44,"column":22},"end":{"line":44,"column":47}}},"3":{"name":"(anonymous_13)","decl":{"start":{"line":45,"column":12},"end":{"line":45,"column":16}},"loc":{"start":{"line":45,"column":19},"end":{"line":47,"column":7}}}},"branchMap":{},"s":{"0":1,"1":1,"2":1,"3":0,"4":0,"5":0,"6":0,"7":0,"8":0,"9":0,"10":0,"11":0,"12":0,"13":0,"14":1},"f":{"0":0,"1":0,"2":0,"3":0},"b":{}}
,"/build/src/dao/AutocompleteDAO.ts": {"path":"/build/src/dao/AutocompleteDAO.ts","statementMap":{"0":{"start":{"line":1,"column":0},"end":{"line":1,"column":44}},"1":{"start":{"line":3,"column":0},"end":{"line":3,"column":63}},"2":{"start":{"line":5,"column":0},"end":{"line":5,"column":37}},"3":{"start":{"line":13,"column":6},"end":{"line":13,"column":16}},"4":{"start":{"line":16,"column":14},"end":{"line":16,"column":38}},"5":{"start":{"line":18,"column":6},"end":{"line":18,"column":16}},"6":{"start":{"line":21,"column":4},"end":{"line":26,"column":9}},"7":{"start":{"line":23,"column":22},"end":{"line":23,"column":47}},"8":{"start":{"line":25,"column":8},"end":{"line":25,"column":39}},"9":{"start":{"line":34,"column":6},"end":{"line":34,"column":16}},"10":{"start":{"line":37,"column":14},"end":{"line":37,"column":38}},"11":{"start":{"line":39,"column":6},"end":{"line":39,"column":16}},"12":{"start":{"line":42,"column":4},"end":{"line":47,"column":9}},"13":{"start":{"line":44,"column":22},"end":{"line":44,"column":47}},"14":{"start":{"line":46,"column":8},"end":{"line":46,"column":59}},"15":{"start":{"line":46,"column":38},"end":{"line":46,"column":57}},"16":{"start":{"line":7,"column":0},"end":{"line":7,"column":13}}},"fnMap":{"0":{"name":"(anonymous_8)","decl":{"start":{"line":23,"column":12},"end":{"line":23,"column":18}},"loc":{"start":{"line":23,"column":22},"end":{"line":23,"column":47}}},"1":{"name":"(anonymous_9)","decl":{"start":{"line":24,"column":12},"end":{"line":24,"column":16}},"loc":{"start":{"line":24,"column":19},"end":{"line":26,"column":7}}},"2":{"name":"(anonymous_12)","decl":{"start":{"line":44,"column":12},"end":{"line":44,"column":18}},"loc":{"start":{"line":44,"column":22},"end":{"line":44,"column":47}}},"3":{"name":"(anonymous_13)","decl":{"start":{"line":45,"column":12},"end":{"line":45,"column":16}},"loc":{"start":{"line":45,"column":19},"end":{"line":47,"column":7}}},"4":{"name":"(anonymous_14)","decl":{"start":{"line":46,"column":30},"end":{"line":46,"column":34}},"loc":{"start":{"line":46,"column":38},"end":{"line":46,"column":57}}}},"branchMap":{},"s":{"0":2,"1":2,"2":2,"3":0,"4":2,"5":1,"6":1,"7":1,"8":1,"9":0,"10":1,"11":0,"12":1,"13":1,"14":1,"15":2,"16":2},"f":{"0":1,"1":1,"2":1,"3":1,"4":2},"b":{}}
,"/build/src/dao/EventDAO.ts": {"path":"/build/src/dao/EventDAO.ts","statementMap":{"0":{"start":{"line":3,"column":0},"end":{"line":3,"column":44}},"1":{"start":{"line":5,"column":0},"end":{"line":5,"column":63}},"2":{"start":{"line":7,"column":0},"end":{"line":7,"column":39}},"3":{"start":{"line":10,"column":19},"end":{"line":37,"column":1}},"4":{"start":{"line":11,"column":12},"end":{"line":11,"column":13}},"5":{"start":{"line":14,"column":6},"end":{"line":14,"column":60}},"6":{"start":{"line":18,"column":12},"end":{"line":18,"column":62}},"7":{"start":{"line":20,"column":12},"end":{"line":20,"column":22}},"8":{"start":{"line":23,"column":10},"end":{"line":23,"column":19}},"9":{"start":{"line":27,"column":6},"end":{"line":27,"column":16}},"10":{"start":{"line":30,"column":4},"end":{"line":30,"column":13}},"11":{"start":{"line":34,"column":4},"end":{"line":34,"column":42}},"12":{"start":{"line":36,"column":2},"end":{"line":36,"column":13}},"13":{"start":{"line":44,"column":4},"end":{"line":50,"column":9}},"14":{"start":{"line":46,"column":22},"end":{"line":46,"column":47}},"15":{"start":{"line":48,"column":23},"end":{"line":48,"column":62}},"16":{"start":{"line":48,"column":44},"end":{"line":48,"column":61}},"17":{"start":{"line":49,"column":8},"end":{"line":49,"column":39}},"18":{"start":{"line":57,"column":4},"end":{"line":62,"column":9}},"19":{"start":{"line":59,"column":22},"end":{"line":59,"column":47}},"20":{"start":{"line":61,"column":8},"end":{"line":61,"column":42}},"21":{"start":{"line":69,"column":4},"end":{"line":75,"column":9}},"22":{"start":{"line":71,"column":22},"end":{"line":71,"column":47}},"23":{"start":{"line":73,"column":8},"end":{"line":73,"column":40}},"24":{"start":{"line":82,"column":4},"end":{"line":88,"column":9}},"25":{"start":{"line":84,"column":22},"end":{"line":84,"column":47}},"26":{"start":{"line":86,"column":8},"end":{"line":86,"column":40}},"27":{"start":{"line":95,"column":4},"end":{"line":100,"column":9}},"28":{"start":{"line":97,"column":22},"end":{"line":97,"column":47}},"29":{"start":{"line":99,"column":8},"end":{"line":99,"column":20}},"30":{"start":{"line":107,"column":20},"end":{"line":107,"column":87}},"31":{"start":{"line":109,"column":6},"end":{"line":109,"column":33}},"32":{"start":{"line":112,"column":6},"end":{"line":112,"column":45}},"33":{"start":{"line":115,"column":6},"end":{"line":115,"column":39}},"34":{"start":{"line":118,"column":6},"end":{"line":118,"column":53}},"35":{"start":{"line":121,"column":6},"end":{"line":121,"column":49}},"36":{"start":{"line":123,"column":4},"end":{"line":128,"column":9}},"37":{"start":{"line":125,"column":22},"end":{"line":125,"column":47}},"38":{"start":{"line":127,"column":8},"end":{"line":127,"column":42}},"39":{"start":{"line":135,"column":18},"end":{"line":135,"column":32}},"40":{"start":{"line":136,"column":14},"end":{"line":136,"column":42}},"41":{"start":{"line":138,"column":6},"end":{"line":138,"column":42}},"42":{"start":{"line":140,"column":4},"end":{"line":146,"column":9}},"43":{"start":{"line":142,"column":22},"end":{"line":142,"column":47}},"44":{"start":{"line":144,"column":23},"end":{"line":144,"column":62}},"45":{"start":{"line":144,"column":44},"end":{"line":144,"column":61}},"46":{"start":{"line":145,"column":8},"end":{"line":145,"column":39}},"47":{"start":{"line":39,"column":0},"end":{"line":39,"column":13}}},"fnMap":{"0":{"name":"(anonymous_6)","decl":{"start":{"line":10,"column":19},"end":{"line":10,"column":20}},"loc":{"start":{"line":10,"column":42},"end":{"line":37,"column":1}}},"1":{"name":"(anonymous_9)","decl":{"start":{"line":46,"column":12},"end":{"line":46,"column":18}},"loc":{"start":{"line":46,"column":22},"end":{"line":46,"column":47}}},"2":{"name":"(anonymous_10)","decl":{"start":{"line":47,"column":12},"end":{"line":47,"column":16}},"loc":{"start":{"line":47,"column":19},"end":{"line":50,"column":7}}},"3":{"name":"(anonymous_11)","decl":{"start":{"line":48,"column":39},"end":{"line":48,"column":40}},"loc":{"start":{"line":48,"column":44},"end":{"line":48,"column":61}}},"4":{"name":"(anonymous_14)","decl":{"start":{"line":59,"column":12},"end":{"line":59,"column":18}},"loc":{"start":{"line":59,"column":22},"end":{"line":59,"column":47}}},"5":{"name":"(anonymous_15)","decl":{"start":{"line":60,"column":12},"end":{"line":60,"column":16}},"loc":{"start":{"line":60,"column":19},"end":{"line":62,"column":7}}},"6":{"name":"(anonymous_18)","decl":{"start":{"line":71,"column":12},"end":{"line":71,"column":18}},"loc":{"start":{"line":71,"column":22},"end":{"line":71,"column":47}}},"7":{"name":"(anonymous_19)","decl":{"start":{"line":72,"column":12},"end":{"line":72,"column":16}},"loc":{"start":{"line":72,"column":19},"end":{"line":75,"column":7}}},"8":{"name":"(anonymous_22)","decl":{"start":{"line":84,"column":12},"end":{"line":84,"column":18}},"loc":{"start":{"line":84,"column":22},"end":{"line":84,"column":47}}},"9":{"name":"(anonymous_23)","decl":{"start":{"line":85,"column":12},"end":{"line":85,"column":16}},"loc":{"start":{"line":85,"column":19},"end":{"line":88,"column":7}}},"10":{"name":"(anonymous_26)","decl":{"start":{"line":97,"column":12},"end":{"line":97,"column":18}},"loc":{"start":{"line":97,"column":22},"end":{"line":97,"column":47}}},"11":{"name":"(anonymous_27)","decl":{"start":{"line":98,"column":12},"end":{"line":98,"column":15}},"loc":{"start":{"line":98,"column":17},"end":{"line":100,"column":7}}},"12":{"name":"(anonymous_30)","decl":{"start":{"line":125,"column":12},"end":{"line":125,"column":18}},"loc":{"start":{"line":125,"column":22},"end":{"line":125,"column":47}}},"13":{"name":"(anonymous_31)","decl":{"start":{"line":126,"column":12},"end":{"line":126,"column":16}},"loc":{"start":{"line":126,"column":19},"end":{"line":128,"column":7}}},"14":{"name":"(anonymous_34)","decl":{"start":{"line":142,"column":12},"end":{"line":142,"column":18}},"loc":{"start":{"line":142,"column":22},"end":{"line":142,"column":47}}},"15":{"name":"(anonymous_35)","decl":{"start":{"line":143,"column":12},"end":{"line":143,"column":16}},"loc":{"start":{"line":143,"column":19},"end":{"line":146,"column":7}}},"16":{"name":"(anonymous_36)","decl":{"start":{"line":144,"column":39},"end":{"line":144,"column":40}},"loc":{"start":{"line":144,"column":44},"end":{"line":144,"column":61}}}},"branchMap":{},"s":{"0":2,"1":2,"2":2,"3":2,"4":4,"5":4,"6":1,"7":0,"8":0,"9":0,"10":0,"11":0,"12":4,"13":1,"14":1,"15":1,"16":4,"17":1,"18":0,"19":0,"20":0,"21":0,"22":0,"23":0,"24":0,"25":0,"26":0,"27":0,"28":0,"29":0,"30":0,"31":0,"32":0,"33":0,"34":0,"35":0,"36":0,"37":0,"38":0,"39":0,"40":0,"41":0,"42":0,"43":0,"44":0,"45":0,"46":0,"47":2},"f":{"0":4,"1":1,"2":1,"3":4,"4":0,"5":0,"6":0,"7":0,"8":0,"9":0,"10":0,"11":0,"12":0,"13":0,"14":0,"15":0,"16":0},"b":{}}
,"/build/src/dao/ForumDAO.ts": {"path":"/build/src/dao/ForumDAO.ts","statementMap":{"0":{"start":{"line":1,"column":0},"end":{"line":1,"column":63}},"1":{"start":{"line":3,"column":0},"end":{"line":3,"column":47}},"2":{"start":{"line":4,"column":0},"end":{"line":4,"column":55}},"3":{"start":{"line":5,"column":0},"end":{"line":5,"column":51}},"4":{"start":{"line":6,"column":0},"end":{"line":6,"column":57}},"5":{"start":{"line":7,"column":0},"end":{"line":7,"column":61}},"6":{"start":{"line":9,"column":0},"end":{"line":9,"column":44}},"7":{"start":{"line":24,"column":20},"end":{"line":24,"column":74}},"8":{"start":{"line":26,"column":6},"end":{"line":26,"column":42}},"9":{"start":{"line":29,"column":6},"end":{"line":29,"column":44}},"10":{"start":{"line":31,"column":4},"end":{"line":36,"column":9}},"11":{"start":{"line":33,"column":22},"end":{"line":33,"column":47}},"12":{"start":{"line":35,"column":8},"end":{"line":35,"column":44}},"13":{"start":{"line":41,"column":20},"end":{"line":44,"column":6}},"14":{"start":{"line":46,"column":6},"end":{"line":46,"column":35}},"15":{"start":{"line":49,"column":6},"end":{"line":49,"column":35}},"16":{"start":{"line":51,"column":4},"end":{"line":56,"column":9}},"17":{"start":{"line":53,"column":22},"end":{"line":53,"column":47}},"18":{"start":{"line":55,"column":8},"end":{"line":55,"column":55}},"19":{"start":{"line":61,"column":20},"end":{"line":61,"column":74}},"20":{"start":{"line":63,"column":6},"end":{"line":63,"column":42}},"21":{"start":{"line":66,"column":6},"end":{"line":66,"column":44}},"22":{"start":{"line":68,"column":4},"end":{"line":73,"column":9}},"23":{"start":{"line":70,"column":22},"end":{"line":70,"column":47}},"24":{"start":{"line":72,"column":8},"end":{"line":72,"column":55}},"25":{"start":{"line":78,"column":20},"end":{"line":80,"column":6}},"26":{"start":{"line":82,"column":6},"end":{"line":82,"column":35}},"27":{"start":{"line":85,"column":6},"end":{"line":85,"column":35}},"28":{"start":{"line":87,"column":4},"end":{"line":92,"column":9}},"29":{"start":{"line":89,"column":22},"end":{"line":89,"column":47}},"30":{"start":{"line":91,"column":8},"end":{"line":91,"column":51}},"31":{"start":{"line":97,"column":4},"end":{"line":102,"column":9}},"32":{"start":{"line":99,"column":22},"end":{"line":99,"column":47}},"33":{"start":{"line":101,"column":8},"end":{"line":101,"column":20}},"34":{"start":{"line":107,"column":4},"end":{"line":112,"column":9}},"35":{"start":{"line":109,"column":22},"end":{"line":109,"column":47}},"36":{"start":{"line":111,"column":8},"end":{"line":111,"column":27}},"37":{"start":{"line":117,"column":4},"end":{"line":122,"column":9}},"38":{"start":{"line":119,"column":22},"end":{"line":119,"column":47}},"39":{"start":{"line":121,"column":8},"end":{"line":121,"column":27}},"40":{"start":{"line":127,"column":4},"end":{"line":132,"column":9}},"41":{"start":{"line":129,"column":22},"end":{"line":129,"column":47}},"42":{"start":{"line":131,"column":8},"end":{"line":131,"column":57}},"43":{"start":{"line":137,"column":4},"end":{"line":142,"column":9}},"44":{"start":{"line":139,"column":22},"end":{"line":139,"column":47}},"45":{"start":{"line":141,"column":8},"end":{"line":141,"column":57}},"46":{"start":{"line":147,"column":4},"end":{"line":152,"column":9}},"47":{"start":{"line":149,"column":22},"end":{"line":149,"column":47}},"48":{"start":{"line":151,"column":8},"end":{"line":151,"column":81}},"49":{"start":{"line":151,"column":46},"end":{"line":151,"column":79}},"50":{"start":{"line":156,"column":20},"end":{"line":156,"column":74}},"51":{"start":{"line":157,"column":4},"end":{"line":162,"column":9}},"52":{"start":{"line":159,"column":22},"end":{"line":159,"column":47}},"53":{"start":{"line":161,"column":8},"end":{"line":161,"column":51}},"54":{"start":{"line":167,"column":20},"end":{"line":167,"column":87}},"55":{"start":{"line":169,"column":6},"end":{"line":169,"column":31}},"56":{"start":{"line":172,"column":6},"end":{"line":172,"column":35}},"57":{"start":{"line":174,"column":4},"end":{"line":179,"column":9}},"58":{"start":{"line":176,"column":22},"end":{"line":176,"column":47}},"59":{"start":{"line":178,"column":8},"end":{"line":178,"column":51}},"60":{"start":{"line":184,"column":4},"end":{"line":189,"column":9}},"61":{"start":{"line":186,"column":22},"end":{"line":186,"column":47}},"62":{"start":{"line":188,"column":8},"end":{"line":188,"column":46}},"63":{"start":{"line":19,"column":0},"end":{"line":19,"column":13}}},"fnMap":{"0":{"name":"(anonymous_8)","decl":{"start":{"line":33,"column":12},"end":{"line":33,"column":18}},"loc":{"start":{"line":33,"column":22},"end":{"line":33,"column":47}}},"1":{"name":"(anonymous_9)","decl":{"start":{"line":34,"column":12},"end":{"line":34,"column":16}},"loc":{"start":{"line":34,"column":19},"end":{"line":36,"column":7}}},"2":{"name":"(anonymous_12)","decl":{"start":{"line":53,"column":12},"end":{"line":53,"column":18}},"loc":{"start":{"line":53,"column":22},"end":{"line":53,"column":47}}},"3":{"name":"(anonymous_13)","decl":{"start":{"line":54,"column":12},"end":{"line":54,"column":16}},"loc":{"start":{"line":54,"column":19},"end":{"line":56,"column":7}}},"4":{"name":"(anonymous_16)","decl":{"start":{"line":70,"column":12},"end":{"line":70,"column":18}},"loc":{"start":{"line":70,"column":22},"end":{"line":70,"column":47}}},"5":{"name":"(anonymous_17)","decl":{"start":{"line":71,"column":12},"end":{"line":71,"column":16}},"loc":{"start":{"line":71,"column":19},"end":{"line":73,"column":7}}},"6":{"name":"(anonymous_20)","decl":{"start":{"line":89,"column":12},"end":{"line":89,"column":18}},"loc":{"start":{"line":89,"column":22},"end":{"line":89,"column":47}}},"7":{"name":"(anonymous_21)","decl":{"start":{"line":90,"column":12},"end":{"line":90,"column":16}},"loc":{"start":{"line":90,"column":19},"end":{"line":92,"column":7}}},"8":{"name":"(anonymous_24)","decl":{"start":{"line":99,"column":12},"end":{"line":99,"column":18}},"loc":{"start":{"line":99,"column":22},"end":{"line":99,"column":47}}},"9":{"name":"(anonymous_25)","decl":{"start":{"line":100,"column":12},"end":{"line":100,"column":15}},"loc":{"start":{"line":100,"column":17},"end":{"line":102,"column":7}}},"10":{"name":"(anonymous_28)","decl":{"start":{"line":109,"column":12},"end":{"line":109,"column":18}},"loc":{"start":{"line":109,"column":22},"end":{"line":109,"column":47}}},"11":{"name":"(anonymous_29)","decl":{"start":{"line":110,"column":12},"end":{"line":110,"column":16}},"loc":{"start":{"line":110,"column":19},"end":{"line":112,"column":7}}},"12":{"name":"(anonymous_32)","decl":{"start":{"line":119,"column":12},"end":{"line":119,"column":18}},"loc":{"start":{"line":119,"column":22},"end":{"line":119,"column":47}}},"13":{"name":"(anonymous_33)","decl":{"start":{"line":120,"column":12},"end":{"line":120,"column":16}},"loc":{"start":{"line":120,"column":19},"end":{"line":122,"column":7}}},"14":{"name":"(anonymous_36)","decl":{"start":{"line":129,"column":12},"end":{"line":129,"column":18}},"loc":{"start":{"line":129,"column":22},"end":{"line":129,"column":47}}},"15":{"name":"(anonymous_37)","decl":{"start":{"line":130,"column":12},"end":{"line":130,"column":16}},"loc":{"start":{"line":130,"column":19},"end":{"line":132,"column":7}}},"16":{"name":"(anonymous_40)","decl":{"start":{"line":139,"column":12},"end":{"line":139,"column":18}},"loc":{"start":{"line":139,"column":22},"end":{"line":139,"column":47}}},"17":{"name":"(anonymous_41)","decl":{"start":{"line":140,"column":12},"end":{"line":140,"column":16}},"loc":{"start":{"line":140,"column":19},"end":{"line":142,"column":7}}},"18":{"name":"(anonymous_44)","decl":{"start":{"line":149,"column":12},"end":{"line":149,"column":18}},"loc":{"start":{"line":149,"column":22},"end":{"line":149,"column":47}}},"19":{"name":"(anonymous_45)","decl":{"start":{"line":150,"column":12},"end":{"line":150,"column":16}},"loc":{"start":{"line":150,"column":19},"end":{"line":152,"column":7}}},"20":{"name":"(anonymous_46)","decl":{"start":{"line":151,"column":34},"end":{"line":151,"column":42}},"loc":{"start":{"line":151,"column":46},"end":{"line":151,"column":79}}},"21":{"name":"(anonymous_49)","decl":{"start":{"line":159,"column":12},"end":{"line":159,"column":18}},"loc":{"start":{"line":159,"column":22},"end":{"line":159,"column":47}}},"22":{"name":"(anonymous_50)","decl":{"start":{"line":160,"column":12},"end":{"line":160,"column":16}},"loc":{"start":{"line":160,"column":19},"end":{"line":162,"column":7}}},"23":{"name":"(anonymous_53)","decl":{"start":{"line":176,"column":12},"end":{"line":176,"column":18}},"loc":{"start":{"line":176,"column":22},"end":{"line":176,"column":47}}},"24":{"name":"(anonymous_54)","decl":{"start":{"line":177,"column":12},"end":{"line":177,"column":16}},"loc":{"start":{"line":177,"column":19},"end":{"line":179,"column":7}}},"25":{"name":"(anonymous_57)","decl":{"start":{"line":186,"column":12},"end":{"line":186,"column":18}},"loc":{"start":{"line":186,"column":22},"end":{"line":186,"column":47}}},"26":{"name":"(anonymous_58)","decl":{"start":{"line":187,"column":12},"end":{"line":187,"column":16}},"loc":{"start":{"line":187,"column":19},"end":{"line":189,"column":7}}}},"branchMap":{"0":{"loc":{"start":{"line":45,"column":8},"end":{"line":45,"column":14}},"type":"binary-expr","locations":[{"start":{"line":45,"column":8},"end":{"line":45,"column":14}},{"start":{"line":45,"column":18},"end":{"line":45,"column":35}}]},"1":{"loc":{"start":{"line":81,"column":8},"end":{"line":81,"column":14}},"type":"binary-expr","locations":[{"start":{"line":81,"column":8},"end":{"line":81,"column":14}},{"start":{"line":81,"column":18},"end":{"line":81,"column":35}}]},"2":{"loc":{"start":{"line":108,"column":59},"end":{"line":108,"column":63}},"type":"cond-expr","locations":[{"start":{"line":108,"column":59},"end":{"line":108,"column":63}},{"start":{"line":108,"column":66},"end":{"line":108,"column":71}}]},"3":{"loc":{"start":{"line":118,"column":59},"end":{"line":118,"column":63}},"type":"cond-expr","locations":[{"start":{"line":118,"column":59},"end":{"line":118,"column":63}},{"start":{"line":118,"column":66},"end":{"line":118,"column":71}}]},"4":{"loc":{"start":{"line":171,"column":8},"end":{"line":171,"column":14}},"type":"binary-expr","locations":[{"start":{"line":171,"column":8},"end":{"line":171,"column":14}},{"start":{"line":171,"column":18},"end":{"line":171,"column":35}}]}},"s":{"0":1,"1":1,"2":1,"3":1,"4":1,"5":1,"6":1,"7":0,"8":0,"9":0,"10":0,"11":0,"12":0,"13":0,"14":0,"15":0,"16":0,"17":0,"18":0,"19":0,"20":0,"21":0,"22":0,"23":0,"24":0,"25":0,"26":0,"27":0,"28":0,"29":0,"30":0,"31":0,"32":0,"33":0,"34":0,"35":0,"36":0,"37":0,"38":0,"39":0,"40":0,"41":0,"42":0,"43":0,"44":0,"45":0,"46":0,"47":0,"48":0,"49":0,"50":0,"51":0,"52":0,"53":0,"54":0,"55":0,"56":0,"57":0,"58":0,"59":0,"60":0,"61":0,"62":0,"63":1},"f":{"0":0,"1":0,"2":0,"3":0,"4":0,"5":0,"6":0,"7":0,"8":0,"9":0,"10":0,"11":0,"12":0,"13":0,"14":0,"15":0,"16":0,"17":0,"18":0,"19":0,"20":0,"21":0,"22":0,"23":0,"24":0,"25":0,"26":0},"b":{"0":[0,0],"1":[0,0],"2":[0,0],"3":[0,0],"4":[0,0]}}
,"/build/src/dao/PhotoDAO.ts": {"path":"/build/src/dao/PhotoDAO.ts","statementMap":{"0":{"start":{"line":1,"column":0},"end":{"line":1,"column":44}},"1":{"start":{"line":2,"column":0},"end":{"line":2,"column":51}},"2":{"start":{"line":3,"column":0},"end":{"line":3,"column":63}},"3":{"start":{"line":4,"column":0},"end":{"line":4,"column":53}},"4":{"start":{"line":6,"column":0},"end":{"line":6,"column":18}},"5":{"start":{"line":13,"column":20},"end":{"line":13,"column":74}},"6":{"start":{"line":15,"column":4},"end":{"line":20,"column":9}},"7":{"start":{"line":17,"column":22},"end":{"line":17,"column":47}},"8":{"start":{"line":19,"column":8},"end":{"line":19,"column":49}},"9":{"start":{"line":27,"column":20},"end":{"line":27,"column":74}},"10":{"start":{"line":29,"column":4},"end":{"line":31,"column":6}},"11":{"start":{"line":32,"column":4},"end":{"line":37,"column":9}},"12":{"start":{"line":34,"column":22},"end":{"line":34,"column":47}},"13":{"start":{"line":36,"column":8},"end":{"line":36,"column":49}},"14":{"start":{"line":44,"column":4},"end":{"line":44,"column":55}},"15":{"start":{"line":51,"column":20},"end":{"line":51,"column":84}},"16":{"start":{"line":55,"column":6},"end":{"line":55,"column":29}},"17":{"start":{"line":57,"column":6},"end":{"line":57,"column":29}},"18":{"start":{"line":59,"column":6},"end":{"line":59,"column":30}},"19":{"start":{"line":61,"column":6},"end":{"line":61,"column":89}},"20":{"start":{"line":64,"column":4},"end":{"line":69,"column":9}},"21":{"start":{"line":66,"column":22},"end":{"line":66,"column":47}},"22":{"start":{"line":68,"column":8},"end":{"line":68,"column":49}},"23":{"start":{"line":76,"column":20},"end":{"line":76,"column":84}},"24":{"start":{"line":80,"column":6},"end":{"line":80,"column":29}},"25":{"start":{"line":82,"column":6},"end":{"line":82,"column":29}},"26":{"start":{"line":84,"column":6},"end":{"line":84,"column":30}},"27":{"start":{"line":86,"column":6},"end":{"line":86,"column":89}},"28":{"start":{"line":89,"column":4},"end":{"line":94,"column":9}},"29":{"start":{"line":91,"column":22},"end":{"line":91,"column":47}},"30":{"start":{"line":93,"column":8},"end":{"line":93,"column":49}},"31":{"start":{"line":101,"column":4},"end":{"line":106,"column":9}},"32":{"start":{"line":103,"column":22},"end":{"line":103,"column":47}},"33":{"start":{"line":105,"column":8},"end":{"line":105,"column":29}},"34":{"start":{"line":8,"column":0},"end":{"line":8,"column":13}}},"fnMap":{"0":{"name":"(anonymous_8)","decl":{"start":{"line":17,"column":12},"end":{"line":17,"column":18}},"loc":{"start":{"line":17,"column":22},"end":{"line":17,"column":47}}},"1":{"name":"(anonymous_9)","decl":{"start":{"line":18,"column":12},"end":{"line":18,"column":16}},"loc":{"start":{"line":18,"column":19},"end":{"line":20,"column":7}}},"2":{"name":"(anonymous_12)","decl":{"start":{"line":34,"column":12},"end":{"line":34,"column":18}},"loc":{"start":{"line":34,"column":22},"end":{"line":34,"column":47}}},"3":{"name":"(anonymous_13)","decl":{"start":{"line":35,"column":12},"end":{"line":35,"column":16}},"loc":{"start":{"line":35,"column":19},"end":{"line":37,"column":7}}},"4":{"name":"(anonymous_18)","decl":{"start":{"line":66,"column":12},"end":{"line":66,"column":18}},"loc":{"start":{"line":66,"column":22},"end":{"line":66,"column":47}}},"5":{"name":"(anonymous_19)","decl":{"start":{"line":67,"column":12},"end":{"line":67,"column":16}},"loc":{"start":{"line":67,"column":19},"end":{"line":69,"column":7}}},"6":{"name":"(anonymous_22)","decl":{"start":{"line":91,"column":12},"end":{"line":91,"column":18}},"loc":{"start":{"line":91,"column":22},"end":{"line":91,"column":47}}},"7":{"name":"(anonymous_23)","decl":{"start":{"line":92,"column":12},"end":{"line":92,"column":16}},"loc":{"start":{"line":92,"column":19},"end":{"line":94,"column":7}}},"8":{"name":"(anonymous_26)","decl":{"start":{"line":103,"column":12},"end":{"line":103,"column":18}},"loc":{"start":{"line":103,"column":22},"end":{"line":103,"column":47}}},"9":{"name":"(anonymous_27)","decl":{"start":{"line":104,"column":12},"end":{"line":104,"column":16}},"loc":{"start":{"line":104,"column":19},"end":{"line":106,"column":7}}}},"branchMap":{"0":{"loc":{"start":{"line":58,"column":15},"end":{"line":58,"column":41}},"type":"binary-expr","locations":[{"start":{"line":58,"column":15},"end":{"line":58,"column":41}},{"start":{"line":58,"column":45},"end":{"line":58,"column":70}}]},"1":{"loc":{"start":{"line":83,"column":15},"end":{"line":83,"column":41}},"type":"binary-expr","locations":[{"start":{"line":83,"column":15},"end":{"line":83,"column":41}},{"start":{"line":83,"column":45},"end":{"line":83,"column":70}}]}},"s":{"0":2,"1":2,"2":2,"3":2,"4":2,"5":1,"6":1,"7":1,"8":1,"9":1,"10":1,"11":1,"12":1,"13":1,"14":1,"15":1,"16":1,"17":0,"18":0,"19":0,"20":1,"21":1,"22":1,"23":0,"24":0,"25":0,"26":0,"27":0,"28":0,"29":0,"30":0,"31":0,"32":0,"33":0,"34":2},"f":{"0":1,"1":1,"2":1,"3":1,"4":1,"5":1,"6":0,"7":0,"8":0,"9":0},"b":{"0":[0,0],"1":[0,0]}}
,"/build/src/dao/SeamailDAO.ts": {"path":"/build/src/dao/SeamailDAO.ts","statementMap":{"0":{"start":{"line":3,"column":0},"end":{"line":3,"column":44}},"1":{"start":{"line":4,"column":0},"end":{"line":4,"column":63}},"2":{"start":{"line":5,"column":0},"end":{"line":5,"column":59}},"3":{"start":{"line":6,"column":0},"end":{"line":6,"column":51}},"4":{"start":{"line":7,"column":0},"end":{"line":7,"column":57}},"5":{"start":{"line":12,"column":6},"end":{"line":12,"column":48}},"6":{"start":{"line":14,"column":20},"end":{"line":14,"column":74}},"7":{"start":{"line":16,"column":6},"end":{"line":16,"column":49}},"8":{"start":{"line":18,"column":4},"end":{"line":23,"column":9}},"9":{"start":{"line":20,"column":22},"end":{"line":20,"column":47}},"10":{"start":{"line":22,"column":8},"end":{"line":22,"column":46}},"11":{"start":{"line":27,"column":20},"end":{"line":27,"column":74}},"12":{"start":{"line":29,"column":6},"end":{"line":29,"column":41}},"13":{"start":{"line":32,"column":6},"end":{"line":32,"column":54}},"14":{"start":{"line":34,"column":4},"end":{"line":39,"column":9}},"15":{"start":{"line":36,"column":22},"end":{"line":36,"column":47}},"16":{"start":{"line":38,"column":8},"end":{"line":38,"column":46}},"17":{"start":{"line":43,"column":20},"end":{"line":43,"column":74}},"18":{"start":{"line":45,"column":6},"end":{"line":45,"column":41}},"19":{"start":{"line":48,"column":6},"end":{"line":48,"column":56}},"20":{"start":{"line":51,"column":6},"end":{"line":51,"column":54}},"21":{"start":{"line":53,"column":4},"end":{"line":55,"column":7}},"22":{"start":{"line":54,"column":6},"end":{"line":54,"column":51}},"23":{"start":{"line":59,"column":20},"end":{"line":59,"column":44}},"24":{"start":{"line":60,"column":4},"end":{"line":64,"column":6}},"25":{"start":{"line":65,"column":4},"end":{"line":67,"column":7}},"26":{"start":{"line":66,"column":6},"end":{"line":66,"column":51}},"27":{"start":{"line":71,"column":20},"end":{"line":71,"column":44}},"28":{"start":{"line":72,"column":4},"end":{"line":72,"column":37}},"29":{"start":{"line":73,"column":4},"end":{"line":75,"column":7}},"30":{"start":{"line":74,"column":6},"end":{"line":74,"column":66}},"31":{"start":{"line":79,"column":4},"end":{"line":81,"column":7}},"32":{"start":{"line":80,"column":6},"end":{"line":80,"column":37}},"33":{"start":{"line":9,"column":0},"end":{"line":9,"column":13}}},"fnMap":{"0":{"name":"(anonymous_8)","decl":{"start":{"line":20,"column":12},"end":{"line":20,"column":18}},"loc":{"start":{"line":20,"column":22},"end":{"line":20,"column":47}}},"1":{"name":"(anonymous_9)","decl":{"start":{"line":21,"column":12},"end":{"line":21,"column":16}},"loc":{"start":{"line":21,"column":19},"end":{"line":23,"column":7}}},"2":{"name":"(anonymous_12)","decl":{"start":{"line":36,"column":12},"end":{"line":36,"column":18}},"loc":{"start":{"line":36,"column":22},"end":{"line":36,"column":47}}},"3":{"name":"(anonymous_13)","decl":{"start":{"line":37,"column":12},"end":{"line":37,"column":16}},"loc":{"start":{"line":37,"column":19},"end":{"line":39,"column":7}}},"4":{"name":"(anonymous_16)","decl":{"start":{"line":53,"column":66},"end":{"line":53,"column":72}},"loc":{"start":{"line":53,"column":75},"end":{"line":55,"column":5}}},"5":{"name":"(anonymous_19)","decl":{"start":{"line":65,"column":59},"end":{"line":65,"column":65}},"loc":{"start":{"line":65,"column":68},"end":{"line":67,"column":5}}},"6":{"name":"(anonymous_22)","decl":{"start":{"line":73,"column":65},"end":{"line":73,"column":71}},"loc":{"start":{"line":73,"column":74},"end":{"line":75,"column":5}}},"7":{"name":"(anonymous_25)","decl":{"start":{"line":79,"column":58},"end":{"line":79,"column":64}},"loc":{"start":{"line":79,"column":67},"end":{"line":81,"column":5}}}},"branchMap":{},"s":{"0":2,"1":2,"2":2,"3":2,"4":2,"5":1,"6":2,"7":1,"8":2,"9":2,"10":2,"11":3,"12":1,"13":1,"14":3,"15":3,"16":3,"17":4,"18":1,"19":1,"20":1,"21":4,"22":4,"23":1,"24":1,"25":1,"26":1,"27":1,"28":1,"29":1,"30":1,"31":1,"32":1,"33":2},"f":{"0":2,"1":2,"2":3,"3":3,"4":4,"5":1,"6":1,"7":1},"b":{}}
,"/build/src/dao/SearchDAO.ts": {"path":"/build/src/dao/SearchDAO.ts","statementMap":{"0":{"start":{"line":1,"column":0},"end":{"line":1,"column":44}},"1":{"start":{"line":2,"column":0},"end":{"line":2,"column":57}},"2":{"start":{"line":3,"column":0},"end":{"line":3,"column":63}},"3":{"start":{"line":10,"column":4},"end":{"line":10,"column":69}},"4":{"start":{"line":17,"column":4},"end":{"line":17,"column":72}},"5":{"start":{"line":24,"column":4},"end":{"line":24,"column":72}},"6":{"start":{"line":31,"column":4},"end":{"line":31,"column":74}},"7":{"start":{"line":38,"column":4},"end":{"line":38,"column":72}},"8":{"start":{"line":45,"column":4},"end":{"line":45,"column":71}},"9":{"start":{"line":49,"column":20},"end":{"line":49,"column":74}},"10":{"start":{"line":52,"column":6},"end":{"line":52,"column":44}},"11":{"start":{"line":55,"column":6},"end":{"line":55,"column":42}},"12":{"start":{"line":58,"column":4},"end":{"line":60,"column":7}},"13":{"start":{"line":59,"column":6},"end":{"line":59,"column":50}},"14":{"start":{"line":5,"column":0},"end":{"line":5,"column":13}}},"fnMap":{"0":{"name":"(anonymous_20)","decl":{"start":{"line":58,"column":44},"end":{"line":58,"column":50}},"loc":{"start":{"line":58,"column":53},"end":{"line":60,"column":5}}}},"branchMap":{"0":{"loc":{"start":{"line":51,"column":8},"end":{"line":51,"column":13}},"type":"binary-expr","locations":[{"start":{"line":51,"column":8},"end":{"line":51,"column":13}},{"start":{"line":51,"column":17},"end":{"line":51,"column":26}}]}},"s":{"0":2,"1":2,"2":2,"3":1,"4":0,"5":0,"6":0,"7":0,"8":0,"9":1,"10":0,"11":0,"12":1,"13":1,"14":2},"f":{"0":1},"b":{"0":[1,0]}}
,"/build/src/dao/StreamDAO.ts": {"path":"/build/src/dao/StreamDAO.ts","statementMap":{"0":{"start":{"line":1,"column":0},"end":{"line":1,"column":44}},"1":{"start":{"line":2,"column":0},"end":{"line":2,"column":63}},"2":{"start":{"line":3,"column":0},"end":{"line":3,"column":57}},"3":{"start":{"line":4,"column":0},"end":{"line":4,"column":40}},"4":{"start":{"line":6,"column":0},"end":{"line":6,"column":61}},"5":{"start":{"line":39,"column":20},"end":{"line":39,"column":74}},"6":{"start":{"line":41,"column":6},"end":{"line":41,"column":146}},"7":{"start":{"line":43,"column":8},"end":{"line":43,"column":70}},"8":{"start":{"line":46,"column":4},"end":{"line":48,"column":7}},"9":{"start":{"line":47,"column":6},"end":{"line":47,"column":50}},"10":{"start":{"line":55,"column":20},"end":{"line":55,"column":74}},"11":{"start":{"line":57,"column":6},"end":{"line":57,"column":44}},"12":{"start":{"line":60,"column":6},"end":{"line":60,"column":42}},"13":{"start":{"line":62,"column":4},"end":{"line":64,"column":7}},"14":{"start":{"line":63,"column":6},"end":{"line":63,"column":50}},"15":{"start":{"line":71,"column":20},"end":{"line":71,"column":74}},"16":{"start":{"line":73,"column":6},"end":{"line":73,"column":44}},"17":{"start":{"line":76,"column":6},"end":{"line":76,"column":42}},"18":{"start":{"line":79,"column":6},"end":{"line":79,"column":54}},"19":{"start":{"line":81,"column":4},"end":{"line":83,"column":7}},"20":{"start":{"line":82,"column":6},"end":{"line":82,"column":50}},"21":{"start":{"line":90,"column":20},"end":{"line":90,"column":74}},"22":{"start":{"line":92,"column":6},"end":{"line":92,"column":44}},"23":{"start":{"line":95,"column":6},"end":{"line":95,"column":42}},"24":{"start":{"line":98,"column":6},"end":{"line":98,"column":54}},"25":{"start":{"line":100,"column":4},"end":{"line":102,"column":7}},"26":{"start":{"line":101,"column":6},"end":{"line":101,"column":50}},"27":{"start":{"line":109,"column":20},"end":{"line":111,"column":6}},"28":{"start":{"line":113,"column":6},"end":{"line":113,"column":35}},"29":{"start":{"line":116,"column":6},"end":{"line":116,"column":33}},"30":{"start":{"line":118,"column":4},"end":{"line":120,"column":7}},"31":{"start":{"line":119,"column":6},"end":{"line":119,"column":50}},"32":{"start":{"line":127,"column":20},"end":{"line":129,"column":6}},"33":{"start":{"line":131,"column":6},"end":{"line":131,"column":33}},"34":{"start":{"line":133,"column":4},"end":{"line":135,"column":7}},"35":{"start":{"line":134,"column":6},"end":{"line":134,"column":50}},"36":{"start":{"line":142,"column":4},"end":{"line":144,"column":7}},"37":{"start":{"line":143,"column":6},"end":{"line":143,"column":18}},"38":{"start":{"line":151,"column":4},"end":{"line":153,"column":7}},"39":{"start":{"line":152,"column":6},"end":{"line":152,"column":43}},"40":{"start":{"line":160,"column":4},"end":{"line":162,"column":7}},"41":{"start":{"line":161,"column":6},"end":{"line":161,"column":43}},"42":{"start":{"line":169,"column":4},"end":{"line":171,"column":7}},"43":{"start":{"line":170,"column":6},"end":{"line":170,"column":62}},"44":{"start":{"line":178,"column":4},"end":{"line":180,"column":7}},"45":{"start":{"line":179,"column":6},"end":{"line":179,"column":62}},"46":{"start":{"line":187,"column":4},"end":{"line":189,"column":7}},"47":{"start":{"line":188,"column":6},"end":{"line":188,"column":62}},"48":{"start":{"line":34,"column":0},"end":{"line":34,"column":13}}},"fnMap":{"0":{"name":"(anonymous_8)","decl":{"start":{"line":46,"column":57},"end":{"line":46,"column":63}},"loc":{"start":{"line":46,"column":66},"end":{"line":48,"column":5}}},"1":{"name":"(anonymous_11)","decl":{"start":{"line":62,"column":63},"end":{"line":62,"column":69}},"loc":{"start":{"line":62,"column":72},"end":{"line":64,"column":5}}},"2":{"name":"(anonymous_14)","decl":{"start":{"line":81,"column":71},"end":{"line":81,"column":77}},"loc":{"start":{"line":81,"column":80},"end":{"line":83,"column":5}}},"3":{"name":"(anonymous_17)","decl":{"start":{"line":100,"column":70},"end":{"line":100,"column":76}},"loc":{"start":{"line":100,"column":79},"end":{"line":102,"column":5}}},"4":{"name":"(anonymous_20)","decl":{"start":{"line":118,"column":58},"end":{"line":118,"column":64}},"loc":{"start":{"line":118,"column":67},"end":{"line":120,"column":5}}},"5":{"name":"(anonymous_23)","decl":{"start":{"line":133,"column":63},"end":{"line":133,"column":69}},"loc":{"start":{"line":133,"column":72},"end":{"line":135,"column":5}}},"6":{"name":"(anonymous_26)","decl":{"start":{"line":142,"column":60},"end":{"line":142,"column":63}},"loc":{"start":{"line":142,"column":65},"end":{"line":144,"column":5}}},"7":{"name":"(anonymous_29)","decl":{"start":{"line":151,"column":71},"end":{"line":151,"column":77}},"loc":{"start":{"line":151,"column":80},"end":{"line":153,"column":5}}},"8":{"name":"(anonymous_32)","decl":{"start":{"line":160,"column":72},"end":{"line":160,"column":78}},"loc":{"start":{"line":160,"column":81},"end":{"line":162,"column":5}}},"9":{"name":"(anonymous_35)","decl":{"start":{"line":169,"column":64},"end":{"line":169,"column":70}},"loc":{"start":{"line":169,"column":73},"end":{"line":171,"column":5}}},"10":{"name":"(anonymous_38)","decl":{"start":{"line":178,"column":77},"end":{"line":178,"column":83}},"loc":{"start":{"line":178,"column":86},"end":{"line":180,"column":5}}},"11":{"name":"(anonymous_41)","decl":{"start":{"line":187,"column":83},"end":{"line":187,"column":89}},"loc":{"start":{"line":187,"column":92},"end":{"line":189,"column":5}}}},"branchMap":{},"s":{"0":2,"1":2,"2":2,"3":2,"4":2,"5":10,"6":9,"7":1,"8":10,"9":10,"10":3,"11":2,"12":1,"13":3,"14":3,"15":1,"16":0,"17":0,"18":0,"19":1,"20":1,"21":1,"22":0,"23":0,"24":0,"25":1,"26":1,"27":1,"28":0,"29":0,"30":1,"31":1,"32":1,"33":0,"34":1,"35":1,"36":1,"37":1,"38":1,"39":1,"40":1,"41":1,"42":0,"43":0,"44":1,"45":1,"46":1,"47":1,"48":2},"f":{"0":10,"1":3,"2":1,"3":1,"4":1,"5":1,"6":1,"7":1,"8":1,"9":0,"10":1,"11":1},"b":{}}
,"/build/src/dao/TextDAO.ts": {"path":"/build/src/dao/TextDAO.ts","statementMap":{"0":{"start":{"line":1,"column":0},"end":{"line":1,"column":63}},"1":{"start":{"line":3,"column":0},"end":{"line":3,"column":53}},"2":{"start":{"line":5,"column":0},"end":{"line":5,"column":40}},"3":{"start":{"line":7,"column":0},"end":{"line":7,"column":44}},"4":{"start":{"line":11,"column":20},"end":{"line":11,"column":74}},"5":{"start":{"line":13,"column":4},"end":{"line":18,"column":9}},"6":{"start":{"line":15,"column":22},"end":{"line":15,"column":47}},"7":{"start":{"line":17,"column":8},"end":{"line":17,"column":30}},"8":{"start":{"line":22,"column":4},"end":{"line":31,"column":9}},"9":{"start":{"line":24,"column":22},"end":{"line":24,"column":47}},"10":{"start":{"line":26,"column":8},"end":{"line":30,"column":10}},"11":{"start":{"line":35,"column":4},"end":{"line":40,"column":9}},"12":{"start":{"line":37,"column":22},"end":{"line":37,"column":47}},"13":{"start":{"line":39,"column":8},"end":{"line":39,"column":42}},"14":{"start":{"line":44,"column":4},"end":{"line":51,"column":9}},"15":{"start":{"line":46,"column":22},"end":{"line":46,"column":47}},"16":{"start":{"line":49,"column":10},"end":{"line":49,"column":93}},"17":{"start":{"line":49,"column":56},"end":{"line":49,"column":91}},"18":{"start":{"line":9,"column":0},"end":{"line":9,"column":13}}},"fnMap":{"0":{"name":"(anonymous_8)","decl":{"start":{"line":15,"column":12},"end":{"line":15,"column":18}},"loc":{"start":{"line":15,"column":22},"end":{"line":15,"column":47}}},"1":{"name":"(anonymous_9)","decl":{"start":{"line":16,"column":12},"end":{"line":16,"column":16}},"loc":{"start":{"line":16,"column":19},"end":{"line":18,"column":7}}},"2":{"name":"(anonymous_12)","decl":{"start":{"line":24,"column":12},"end":{"line":24,"column":18}},"loc":{"start":{"line":24,"column":22},"end":{"line":24,"column":47}}},"3":{"name":"(anonymous_13)","decl":{"start":{"line":25,"column":12},"end":{"line":25,"column":16}},"loc":{"start":{"line":25,"column":19},"end":{"line":31,"column":7}}},"4":{"name":"(anonymous_16)","decl":{"start":{"line":37,"column":12},"end":{"line":37,"column":18}},"loc":{"start":{"line":37,"column":22},"end":{"line":37,"column":47}}},"5":{"name":"(anonymous_17)","decl":{"start":{"line":38,"column":12},"end":{"line":38,"column":16}},"loc":{"start":{"line":38,"column":19},"end":{"line":40,"column":7}}},"6":{"name":"(anonymous_20)","decl":{"start":{"line":46,"column":12},"end":{"line":46,"column":18}},"loc":{"start":{"line":46,"column":22},"end":{"line":46,"column":47}}},"7":{"name":"(anonymous_21)","decl":{"start":{"line":47,"column":12},"end":{"line":47,"column":16}},"loc":{"start":{"line":47,"column":19},"end":{"line":51,"column":7}}},"8":{"name":"(anonymous_22)","decl":{"start":{"line":49,"column":40},"end":{"line":49,"column":52}},"loc":{"start":{"line":49,"column":56},"end":{"line":49,"column":91}}}},"branchMap":{},"s":{"0":1,"1":1,"2":1,"3":1,"4":0,"5":0,"6":0,"7":0,"8":0,"9":0,"10":0,"11":0,"12":0,"13":0,"14":0,"15":0,"16":0,"17":0,"18":1},"f":{"0":0,"1":0,"2":0,"3":0,"4":0,"5":0,"6":0,"7":0,"8":0},"b":{}}
,"/build/src/dao/UserDAO.ts": {"path":"/build/src/dao/UserDAO.ts","statementMap":{"0":{"start":{"line":1,"column":0},"end":{"line":1,"column":63}},"1":{"start":{"line":2,"column":0},"end":{"line":2,"column":51}},"2":{"start":{"line":4,"column":0},"end":{"line":4,"column":40}},"3":{"start":{"line":6,"column":0},"end":{"line":6,"column":37}},"4":{"start":{"line":7,"column":0},"end":{"line":7,"column":59}},"5":{"start":{"line":9,"column":0},"end":{"line":9,"column":44}},"6":{"start":{"line":13,"column":20},"end":{"line":13,"column":44}},"7":{"start":{"line":14,"column":4},"end":{"line":17,"column":6}},"8":{"start":{"line":19,"column":19},"end":{"line":19,"column":69}},"9":{"start":{"line":20,"column":17},"end":{"line":20,"column":42}},"10":{"start":{"line":22,"column":6},"end":{"line":22,"column":33}},"11":{"start":{"line":23,"column":6},"end":{"line":23,"column":22}},"12":{"start":{"line":25,"column":4},"end":{"line":25,"column":104}},"13":{"start":{"line":29,"column":16},"end":{"line":29,"column":99}},"14":{"start":{"line":30,"column":4},"end":{"line":35,"column":9}},"15":{"start":{"line":32,"column":22},"end":{"line":32,"column":47}},"16":{"start":{"line":34,"column":8},"end":{"line":34,"column":46}},"17":{"start":{"line":39,"column":20},"end":{"line":39,"column":44}},"18":{"start":{"line":41,"column":6},"end":{"line":41,"column":53}},"19":{"start":{"line":44,"column":6},"end":{"line":44,"column":39}},"20":{"start":{"line":47,"column":6},"end":{"line":47,"column":55}},"21":{"start":{"line":50,"column":6},"end":{"line":50,"column":47}},"22":{"start":{"line":53,"column":6},"end":{"line":53,"column":45}},"23":{"start":{"line":56,"column":6},"end":{"line":56,"column":56}},"24":{"start":{"line":58,"column":4},"end":{"line":63,"column":9}},"25":{"start":{"line":60,"column":22},"end":{"line":60,"column":47}},"26":{"start":{"line":62,"column":8},"end":{"line":62,"column":46}},"27":{"start":{"line":67,"column":20},"end":{"line":69,"column":6}},"28":{"start":{"line":70,"column":4},"end":{"line":75,"column":9}},"29":{"start":{"line":72,"column":22},"end":{"line":72,"column":47}},"30":{"start":{"line":74,"column":8},"end":{"line":74,"column":46}},"31":{"start":{"line":79,"column":4},"end":{"line":84,"column":9}},"32":{"start":{"line":81,"column":22},"end":{"line":81,"column":47}},"33":{"start":{"line":83,"column":8},"end":{"line":83,"column":28}},"34":{"start":{"line":88,"column":4},"end":{"line":93,"column":9}},"35":{"start":{"line":90,"column":22},"end":{"line":90,"column":47}},"36":{"start":{"line":92,"column":8},"end":{"line":92,"column":59}},"37":{"start":{"line":92,"column":38},"end":{"line":92,"column":57}},"38":{"start":{"line":96,"column":20},"end":{"line":99,"column":42}},"39":{"start":{"line":102,"column":6},"end":{"line":102,"column":52}},"40":{"start":{"line":105,"column":4},"end":{"line":105,"column":55}},"41":{"start":{"line":110,"column":6},"end":{"line":110,"column":60}},"42":{"start":{"line":112,"column":20},"end":{"line":115,"column":6}},"43":{"start":{"line":116,"column":4},"end":{"line":116,"column":67}},"44":{"start":{"line":121,"column":6},"end":{"line":121,"column":60}},"45":{"start":{"line":123,"column":20},"end":{"line":127,"column":6}},"46":{"start":{"line":128,"column":4},"end":{"line":128,"column":66}},"47":{"start":{"line":132,"column":4},"end":{"line":134,"column":7}},"48":{"start":{"line":133,"column":6},"end":{"line":133,"column":31}},"49":{"start":{"line":138,"column":4},"end":{"line":140,"column":7}},"50":{"start":{"line":139,"column":6},"end":{"line":139,"column":31}},"51":{"start":{"line":11,"column":0},"end":{"line":11,"column":13}}},"fnMap":{"0":{"name":"(anonymous_10)","decl":{"start":{"line":32,"column":12},"end":{"line":32,"column":18}},"loc":{"start":{"line":32,"column":22},"end":{"line":32,"column":47}}},"1":{"name":"(anonymous_11)","decl":{"start":{"line":33,"column":12},"end":{"line":33,"column":16}},"loc":{"start":{"line":33,"column":19},"end":{"line":35,"column":7}}},"2":{"name":"(anonymous_14)","decl":{"start":{"line":60,"column":12},"end":{"line":60,"column":18}},"loc":{"start":{"line":60,"column":22},"end":{"line":60,"column":47}}},"3":{"name":"(anonymous_15)","decl":{"start":{"line":61,"column":12},"end":{"line":61,"column":16}},"loc":{"start":{"line":61,"column":19},"end":{"line":63,"column":7}}},"4":{"name":"(anonymous_18)","decl":{"start":{"line":72,"column":12},"end":{"line":72,"column":18}},"loc":{"start":{"line":72,"column":22},"end":{"line":72,"column":47}}},"5":{"name":"(anonymous_19)","decl":{"start":{"line":73,"column":12},"end":{"line":73,"column":16}},"loc":{"start":{"line":73,"column":19},"end":{"line":75,"column":7}}},"6":{"name":"(anonymous_22)","decl":{"start":{"line":81,"column":12},"end":{"line":81,"column":18}},"loc":{"start":{"line":81,"column":22},"end":{"line":81,"column":47}}},"7":{"name":"(anonymous_23)","decl":{"start":{"line":82,"column":12},"end":{"line":82,"column":16}},"loc":{"start":{"line":82,"column":19},"end":{"line":84,"column":7}}},"8":{"name":"(anonymous_26)","decl":{"start":{"line":90,"column":12},"end":{"line":90,"column":18}},"loc":{"start":{"line":90,"column":22},"end":{"line":90,"column":47}}},"9":{"name":"(anonymous_27)","decl":{"start":{"line":91,"column":12},"end":{"line":91,"column":16}},"loc":{"start":{"line":91,"column":19},"end":{"line":93,"column":7}}},"10":{"name":"(anonymous_28)","decl":{"start":{"line":92,"column":30},"end":{"line":92,"column":34}},"loc":{"start":{"line":92,"column":38},"end":{"line":92,"column":57}}},"11":{"name":"(anonymous_37)","decl":{"start":{"line":132,"column":55},"end":{"line":132,"column":58}},"loc":{"start":{"line":132,"column":61},"end":{"line":134,"column":5}}},"12":{"name":"(anonymous_40)","decl":{"start":{"line":138,"column":62},"end":{"line":138,"column":65}},"loc":{"start":{"line":138,"column":68},"end":{"line":140,"column":5}}}},"branchMap":{"0":{"loc":{"start":{"line":21,"column":8},"end":{"line":21,"column":12}},"type":"binary-expr","locations":[{"start":{"line":21,"column":8},"end":{"line":21,"column":12}},{"start":{"line":21,"column":16},"end":{"line":21,"column":24}}]},"1":{"loc":{"start":{"line":29,"column":41},"end":{"line":29,"column":62}},"type":"cond-expr","locations":[{"start":{"line":29,"column":41},"end":{"line":29,"column":62}},{"start":{"line":29,"column":65},"end":{"line":29,"column":99}}]}},"s":{"0":2,"1":2,"2":2,"3":2,"4":2,"5":2,"6":3,"7":3,"8":3,"9":2,"10":2,"11":2,"12":0,"13":2,"14":2,"15":2,"16":2,"17":0,"18":0,"19":0,"20":0,"21":0,"22":0,"23":0,"24":0,"25":0,"26":0,"27":1,"28":1,"29":1,"30":1,"31":2,"32":2,"33":2,"34":1,"35":1,"36":1,"37":1,"38":0,"39":0,"40":0,"41":0,"42":2,"43":2,"44":0,"45":2,"46":2,"47":1,"48":1,"49":1,"50":1,"51":2},"f":{"0":2,"1":2,"2":0,"3":0,"4":1,"5":1,"6":2,"7":2,"8":1,"9":1,"10":1,"11":1,"12":1},"b":{"0":[2,2],"1":[1,1]}}
,"/build/src/internal/UUID.ts": {"path":"/build/src/internal/UUID.ts","statementMap":{"0":{"start":{"line":12,"column":12},"end":{"line":12,"column":32}},"1":{"start":{"line":14,"column":6},"end":{"line":14,"column":29}},"2":{"start":{"line":16,"column":4},"end":{"line":21,"column":7}},"3":{"start":{"line":17,"column":16},"end":{"line":17,"column":49}},"4":{"start":{"line":18,"column":6},"end":{"line":18,"column":29}},"5":{"start":{"line":20,"column":6},"end":{"line":20,"column":60}},"6":{"start":{"line":7,"column":0},"end":{"line":7,"column":13}}},"fnMap":{"0":{"name":"(anonymous_0)","decl":{"start":{"line":11,"column":9},"end":{"line":11,"column":15}},"loc":{"start":{"line":11,"column":24},"end":{"line":22,"column":3}}},"1":{"name":"(anonymous_1)","decl":{"start":{"line":16,"column":67},"end":{"line":16,"column":68}},"loc":{"start":{"line":16,"column":71},"end":{"line":21,"column":5}}}},"branchMap":{"0":{"loc":{"start":{"line":13,"column":8},"end":{"line":13,"column":42}},"type":"binary-expr","locations":[{"start":{"line":13,"column":8},"end":{"line":13,"column":42}},{"start":{"line":13,"column":46},"end":{"line":13,"column":83}}]},"1":{"loc":{"start":{"line":20,"column":26},"end":{"line":20,"column":27}},"type":"cond-expr","locations":[{"start":{"line":20,"column":26},"end":{"line":20,"column":27}},{"start":{"line":20,"column":31},"end":{"line":20,"column":44}}]}},"s":{"0":80,"1":80,"2":80,"3":2480,"4":2480,"5":2480,"6":9},"f":{"0":80,"1":2480},"b":{"0":[80,80],"1":[2400,80]}}
,"/build/src/internal/Util.ts": {"path":"/build/src/internal/Util.ts","statementMap":{"0":{"start":{"line":1,"column":0},"end":{"line":1,"column":51}},"1":{"start":{"line":6,"column":15},"end":{"line":6,"column":32}},"2":{"start":{"line":7,"column":0},"end":{"line":9,"column":2}},"3":{"start":{"line":8,"column":2},"end":{"line":8,"column":24}},"4":{"start":{"line":12,"column":19},"end":{"line":12,"column":46}},"5":{"start":{"line":25,"column":6},"end":{"line":25,"column":18}},"6":{"start":{"line":31,"column":12},"end":{"line":31,"column":25}},"7":{"start":{"line":34,"column":10},"end":{"line":34,"column":23}},"8":{"start":{"line":38,"column":4},"end":{"line":38,"column":16}},"9":{"start":{"line":43,"column":6},"end":{"line":43,"column":49}},"10":{"start":{"line":46,"column":6},"end":{"line":46,"column":73}},"11":{"start":{"line":50,"column":8},"end":{"line":50,"column":93}},"12":{"start":{"line":53,"column":4},"end":{"line":53,"column":16}},"13":{"start":{"line":61,"column":4},"end":{"line":61,"column":57}},"14":{"start":{"line":71,"column":6},"end":{"line":71,"column":23}},"15":{"start":{"line":73,"column":6},"end":{"line":73,"column":36}},"16":{"start":{"line":75,"column":6},"end":{"line":75,"column":32}},"17":{"start":{"line":77,"column":6},"end":{"line":77,"column":86}},"18":{"start":{"line":87,"column":16},"end":{"line":87,"column":35}},"19":{"start":{"line":89,"column":6},"end":{"line":89,"column":42}},"20":{"start":{"line":91,"column":6},"end":{"line":91,"column":23}},"21":{"start":{"line":102,"column":10},"end":{"line":102,"column":38}},"22":{"start":{"line":116,"column":10},"end":{"line":116,"column":53}},"23":{"start":{"line":18,"column":0},"end":{"line":18,"column":13}}},"fnMap":{"0":{"name":"(anonymous_0)","decl":{"start":{"line":7,"column":19},"end":{"line":7,"column":22}},"loc":{"start":{"line":7,"column":24},"end":{"line":9,"column":1}}},"1":{"name":"(anonymous_1)","decl":{"start":{"line":23,"column":9},"end":{"line":23,"column":15}},"loc":{"start":{"line":23,"column":40},"end":{"line":39,"column":3}}},"2":{"name":"(anonymous_2)","decl":{"start":{"line":41,"column":9},"end":{"line":41,"column":15}},"loc":{"start":{"line":41,"column":75},"end":{"line":54,"column":3}}},"3":{"name":"(anonymous_3)","decl":{"start":{"line":60,"column":9},"end":{"line":60,"column":15}},"loc":{"start":{"line":60,"column":38},"end":{"line":62,"column":3}}},"4":{"name":"(anonymous_4)","decl":{"start":{"line":69,"column":9},"end":{"line":69,"column":15}},"loc":{"start":{"line":69,"column":62},"end":{"line":79,"column":3}}},"5":{"name":"(anonymous_5)","decl":{"start":{"line":86,"column":9},"end":{"line":86,"column":15}},"loc":{"start":{"line":86,"column":57},"end":{"line":93,"column":3}}},"6":{"name":"(anonymous_6)","decl":{"start":{"line":98,"column":9},"end":{"line":98,"column":15}},"loc":{"start":{"line":98,"column":64},"end":{"line":106,"column":3}}},"7":{"name":"(anonymous_7)","decl":{"start":{"line":112,"column":9},"end":{"line":112,"column":15}},"loc":{"start":{"line":112,"column":68},"end":{"line":120,"column":3}}}},"branchMap":{"0":{"loc":{"start":{"line":28,"column":10},"end":{"line":28,"column":29}},"type":"binary-expr","locations":[{"start":{"line":28,"column":10},"end":{"line":28,"column":29}},{"start":{"line":28,"column":33},"end":{"line":28,"column":47}}]},"1":{"loc":{"start":{"line":61,"column":11},"end":{"line":61,"column":32}},"type":"binary-expr","locations":[{"start":{"line":61,"column":11},"end":{"line":61,"column":32}},{"start":{"line":61,"column":36},"end":{"line":61,"column":56}}]},"2":{"loc":{"start":{"line":70,"column":8},"end":{"line":70,"column":26}},"type":"binary-expr","locations":[{"start":{"line":70,"column":8},"end":{"line":70,"column":26}},{"start":{"line":70,"column":30},"end":{"line":70,"column":43}}]},"3":{"loc":{"start":{"line":74,"column":15},"end":{"line":74,"column":39}},"type":"binary-expr","locations":[{"start":{"line":74,"column":15},"end":{"line":74,"column":39}},{"start":{"line":74,"column":43},"end":{"line":74,"column":63}},{"start":{"line":74,"column":67},"end":{"line":74,"column":91}},{"start":{"line":74,"column":95},"end":{"line":74,"column":117}}]}},"s":{"0":11,"1":11,"2":11,"3":0,"4":11,"5":0,"6":1085,"7":2103,"8":2453,"9":5,"10":2,"11":5,"12":340,"13":8,"14":4,"15":2,"16":323,"17":0,"18":6,"19":4,"20":2,"21":801,"22":313,"23":11},"f":{"0":0,"1":5641,"2":352,"3":8,"4":329,"5":6,"6":338,"7":335},"b":{"0":[5651,3194],"1":[8,7],"2":[329,327],"3":[323,5,2,0]}}
[...]
11},"end":{"line":94,"column":22}},"type":"binary-expr","locations":[{"start":{"line":94,"column":11},"end":{"line":94,"column":22}},{"start":{"line":94,"column":26},"end":{"line":94,"column":42}}]},"8":{"loc":{"start":{"line":98,"column":8},"end":{"line":98,"column":19}},"type":"binary-expr","locations":[{"start":{"line":98,"column":8},"end":{"line":98,"column":19}},{"start":{"line":98,"column":23},"end":{"line":98,"column":39}}]},"9":{"loc":{"start":{"line":144,"column":8},"end":{"line":144,"column":40}},"type":"binary-expr","locations":[{"start":{"line":144,"column":8},"end":{"line":144,"column":40}},{"start":{"line":144,"column":44},"end":{"line":144,"column":107}}]},"10":{"loc":{"start":{"line":148,"column":15},"end":{"line":148,"column":45}},"type":"binary-expr","locations":[{"start":{"line":148,"column":15},"end":{"line":148,"column":45}},{"start":{"line":148,"column":49},"end":{"line":148,"column":103}}]},"11":{"loc":{"start":{"line":162,"column":8},"end":{"line":162,"column":15}},"type":"binary-expr","locations":[{"start":{"line":162,"column":8},"end":{"line":162,"column":15}},{"start":{"line":162,"column":19},"end":{"line":162,"column":33}}]},"12":{"loc":{"start":{"line":219,"column":17},"end":{"line":219,"column":25}},"type":"binary-expr","locations":[{"start":{"line":219,"column":17},"end":{"line":219,"column":25}},{"start":{"line":219,"column":29},"end":{"line":219,"column":91}}]},"13":{"loc":{"start":{"line":221,"column":17},"end":{"line":221,"column":25}},"type":"binary-expr","locations":[{"start":{"line":221,"column":17},"end":{"line":221,"column":25}},{"start":{"line":221,"column":29},"end":{"line":221,"column":45}}]},"14":{"loc":{"start":{"line":239,"column":15},"end":{"line":239,"column":27}},"type":"binary-expr","locations":[{"start":{"line":239,"column":15},"end":{"line":239,"column":27}},{"start":{"line":239,"column":31},"end":{"line":239,"column":62}}]},"15":{"loc":{"start":{"line":241,"column":15},"end":{"line":241,"column":25}},"type":"binary-expr","locations":[{"start":{"line":241,"column":15},"end":{"line":241,"column":25}},{"start":{"line":241,"column":29},"end":{"line":241,"column":59}}]},"16":{"loc":{"start":{"line":243,"column":15},"end":{"line":243,"column":27}},"type":"binary-expr","locations":[{"start":{"line":243,"column":15},"end":{"line":243,"column":27}},{"start":{"line":243,"column":31},"end":{"line":243,"column":50}},{"start":{"line":243,"column":54},"end":{"line":243,"column":93}}]},"17":{"loc":{"start":{"line":254,"column":8},"end":{"line":254,"column":11}},"type":"binary-expr","locations":[{"start":{"line":254,"column":8},"end":{"line":254,"column":11}},{"start":{"line":254,"column":15},"end":{"line":254,"column":27}},{"start":{"line":254,"column":31},"end":{"line":254,"column":48}},{"start":{"line":254,"column":52},"end":{"line":254,"column":88}},{"start":{"line":254,"column":93},"end":{"line":254,"column":116}},{"start":{"line":254,"column":120},"end":{"line":254,"column":144}}]},"18":{"loc":{"start":{"line":255,"column":13},"end":{"line":255,"column":36}},"type":"binary-expr","locations":[{"start":{"line":255,"column":13},"end":{"line":255,"column":36}},{"start":{"line":255,"column":40},"end":{"line":255,"column":64}}]},"19":{"loc":{"start":{"line":265,"column":8},"end":{"line":265,"column":11}},"type":"binary-expr","locations":[{"start":{"line":265,"column":8},"end":{"line":265,"column":11}},{"start":{"line":265,"column":15},"end":{"line":265,"column":27}},{"start":{"line":265,"column":31},"end":{"line":265,"column":48}},{"start":{"line":265,"column":52},"end":{"line":265,"column":88}}]}},"s":{"0":8,"1":8,"2":8,"3":8,"4":8,"5":61,"6":44,"7":0,"8":0,"9":0,"10":0,"11":25,"12":14,"13":14,"14":3,"15":0,"16":0,"17":0,"18":3,"19":0,"20":0,"21":0,"22":0,"23":2,"24":0,"25":2,"26":0,"27":0,"28":0,"29":0,"30":0,"31":0,"32":0,"33":0,"34":0,"35":0,"36":0,"37":0,"38":0,"39":0,"40":0,"41":0,"42":0,"43":0,"44":0,"45":3,"46":3,"47":3,"48":3,"49":3,"50":0,"51":3,"52":0,"53":2,"54":0,"55":1,"56":0,"57":3,"58":0,"59":3,"60":0,"61":0,"62":3,"63":1,"64":2,"65":0,"66":3,"67":8},"f":{"0":61,"1":0,"2":0,"3":25,"4":14,"5":3,"6":0,"7":3,"8":0,"9":0,"10":2,"11":0,"12":0,"13":0,"14":0,"15":0,"16":14,"17":3,"18":6,"19":3,"20":3,"21":3},"b":{"0":[3,0],"1":[3,3],"2":[0,0],"3":[3,0],"4":[3,3],"5":[0,0],"6":[0,0],"7":[0,0],"8":[2,2],"9":[0,0],"10":[0,0],"11":[0,0],"12":[3,3],"13":[3,3],"14":[3,3],"15":[0,0],"16":[0,0,0],"17":[3,3,3,3,3,3],"18":[1,1],"19":[3,3,3,3]}}
,"/build/src/rest/BrowserHTTP.ts": {"path":"/build/src/rest/BrowserHTTP.ts","statementMap":{"0":{"start":{"line":1,"column":0},"end":{"line":1,"column":26}},"1":{"start":{"line":3,"column":0},"end":{"line":3,"column":46}},"2":{"start":{"line":7,"column":14},"end":{"line":7,"column":35}},"3":{"start":{"line":11,"column":12},"end":{"line":11,"column":28}},"4":{"start":{"line":13,"column":0},"end":{"line":13,"column":46}},"5":{"start":{"line":14,"column":0},"end":{"line":14,"column":51}},"6":{"start":{"line":16,"column":0},"end":{"line":16,"column":53}},"7":{"start":{"line":46,"column":4},"end":{"line":46,"column":27}},"8":{"start":{"line":47,"column":4},"end":{"line":47,"column":40}},"9":{"start":{"line":54,"column":20},"end":{"line":54,"column":59}},"10":{"start":{"line":55,"column":17},"end":{"line":55,"column":40}},"11":{"start":{"line":57,"column":19},"end":{"line":57,"column":35}},"12":{"start":{"line":58,"column":4},"end":{"line":58,"column":31}},"13":{"start":{"line":59,"column":4},"end":{"line":59,"column":46}},"14":{"start":{"line":61,"column":4},"end":{"line":61,"column":24}},"15":{"start":{"line":62,"column":4},"end":{"line":62,"column":23}},"16":{"start":{"line":64,"column":4},"end":{"line":79,"column":9}},"17":{"start":{"line":69,"column":10},"end":{"line":69,"column":50}},"18":{"start":{"line":71,"column":21},"end":{"line":71,"column":43}},"19":{"start":{"line":73,"column":10},"end":{"line":73,"column":25}},"20":{"start":{"line":75,"column":8},"end":{"line":75,"column":90}},"21":{"start":{"line":78,"column":8},"end":{"line":78,"column":42}},"22":{"start":{"line":86,"column":20},"end":{"line":86,"column":59}},"23":{"start":{"line":87,"column":17},"end":{"line":87,"column":40}},"24":{"start":{"line":89,"column":19},"end":{"line":89,"column":35}},"25":{"start":{"line":90,"column":4},"end":{"line":90,"column":31}},"26":{"start":{"line":91,"column":4},"end":{"line":91,"column":46}},"27":{"start":{"line":93,"column":4},"end":{"line":93,"column":46}},"28":{"start":{"line":94,"column":4},"end":{"line":94,"column":24}},"29":{"start":{"line":95,"column":4},"end":{"line":95,"column":23}},"30":{"start":{"line":97,"column":4},"end":{"line":112,"column":9}},"31":{"start":{"line":102,"column":10},"end":{"line":102,"column":50}},"32":{"start":{"line":104,"column":21},"end":{"line":104,"column":43}},"33":{"start":{"line":106,"column":10},"end":{"line":106,"column":25}},"34":{"start":{"line":108,"column":8},"end":{"line":108,"column":90}},"35":{"start":{"line":111,"column":8},"end":{"line":111,"column":42}},"36":{"start":{"line":119,"column":20},"end":{"line":119,"column":59}},"37":{"start":{"line":120,"column":17},"end":{"line":120,"column":40}},"38":{"start":{"line":122,"column":19},"end":{"line":122,"column":35}},"39":{"start":{"line":123,"column":4},"end":{"line":123,"column":31}},"40":{"start":{"line":124,"column":4},"end":{"line":124,"column":47}},"41":{"start":{"line":126,"column":4},"end":{"line":126,"column":25}},"42":{"start":{"line":127,"column":4},"end":{"line":127,"column":23}},"43":{"start":{"line":129,"column":4},"end":{"line":144,"column":9}},"44":{"start":{"line":134,"column":10},"end":{"line":134,"column":50}},"45":{"start":{"line":136,"column":21},"end":{"line":136,"column":43}},"46":{"start":{"line":138,"column":10},"end":{"line":138,"column":25}},"47":{"start":{"line":140,"column":8},"end":{"line":140,"column":90}},"48":{"start":{"line":143,"column":8},"end":{"line":143,"column":42}},"49":{"start":{"line":151,"column":20},"end":{"line":151,"column":59}},"50":{"start":{"line":152,"column":17},"end":{"line":152,"column":40}},"51":{"start":{"line":154,"column":19},"end":{"line":154,"column":35}},"52":{"start":{"line":155,"column":4},"end":{"line":155,"column":31}},"53":{"start":{"line":156,"column":4},"end":{"line":156,"column":49}},"54":{"start":{"line":158,"column":4},"end":{"line":158,"column":27}},"55":{"start":{"line":159,"column":4},"end":{"line":159,"column":23}},"56":{"start":{"line":161,"column":4},"end":{"line":176,"column":9}},"57":{"start":{"line":166,"column":10},"end":{"line":166,"column":50}},"58":{"start":{"line":168,"column":21},"end":{"line":168,"column":43}},"59":{"start":{"line":170,"column":10},"end":{"line":170,"column":25}},"60":{"start":{"line":172,"column":8},"end":{"line":172,"column":90}},"61":{"start":{"line":175,"column":8},"end":{"line":175,"column":42}},"62":{"start":{"line":181,"column":17},"end":{"line":183,"column":42}},"63":{"start":{"line":185,"column":21},"end":{"line":185,"column":75}},"64":{"start":{"line":186,"column":14},"end":{"line":186,"column":89}},"65":{"start":{"line":188,"column":22},"end":{"line":196,"column":null}},"66":{"start":{"line":199,"column":4},"end":{"line":202,"column":7}},"67":{"start":{"line":199,"column":64},"end":{"line":202,"column":6}},"68":{"start":{"line":200,"column":19},"end":{"line":200,"column":40}},"69":{"start":{"line":201,"column":6},"end":{"line":201,"column":98}},"70":{"start":{"line":206,"column":15},"end":{"line":206,"column":29}},"71":{"start":{"line":207,"column":4},"end":{"line":207,"column":32}},"72":{"start":{"line":208,"column":4},"end":{"line":208,"column":73}},"73":{"start":{"line":210,"column":4},"end":{"line":213,"column":6}},"74":{"start":{"line":221,"column":4},"end":{"line":221,"column":24}},"75":{"start":{"line":222,"column":4},"end":{"line":222,"column":30}},"76":{"start":{"line":230,"column":23},"end":{"line":230,"column":47}},"77":{"start":{"line":237,"column":6},"end":{"line":240,"column":8}},"78":{"start":{"line":244,"column":6},"end":{"line":244,"column":39}},"79":{"start":{"line":248,"column":6},"end":{"line":248,"column":50}},"80":{"start":{"line":250,"column":6},"end":{"line":250,"column":23}},"81":{"start":{"line":254,"column":6},"end":{"line":254,"column":46}},"82":{"start":{"line":257,"column":6},"end":{"line":257,"column":69}},"83":{"start":{"line":260,"column":17},"end":{"line":260,"column":35}},"84":{"start":{"line":261,"column":4},"end":{"line":261,"column":31}},"85":{"start":{"line":263,"column":6},"end":{"line":263,"column":32}},"86":{"start":{"line":265,"column":6},"end":{"line":265,"column":32}},"87":{"start":{"line":267,"column":6},"end":{"line":267,"column":67}},"88":{"start":{"line":271,"column":6},"end":{"line":271,"column":52}},"89":{"start":{"line":275,"column":6},"end":{"line":275,"column":44}},"90":{"start":{"line":278,"column":4},"end":{"line":278,"column":15}},"91":{"start":{"line":288,"column":21},"end":{"line":288,"column":44}},"92":{"start":{"line":290,"column":8},"end":{"line":290,"column":103}},"93":{"start":{"line":292,"column":25},"end":{"line":292,"column":49}},"94":{"start":{"line":301,"column":8},"end":{"line":301,"column":65}},"95":{"start":{"line":303,"column":8},"end":{"line":303,"column":66}},"96":{"start":{"line":306,"column":6},"end":{"line":306,"column":55}},"97":{"start":{"line":308,"column":4},"end":{"line":308,"column":25}},"98":{"start":{"line":24,"column":0},"end":{"line":24,"column":13}}},"fnMap":{"0":{"name":"(anonymous_6)","decl":{"start":{"line":45,"column":2},"end":{"line":45,"column":21}},"loc":{"start":{"line":45,"column":85},"end":{"line":48,"column":3}}},"1":{"name":"(anonymous_7)","decl":{"start":{"line":53,"column":9},"end":{"line":53,"column":12}},"loc":{"start":{"line":53,"column":54},"end":{"line":80,"column":3}}},"2":{"name":"(anonymous_8)","decl":{"start":{"line":66,"column":12},"end":{"line":66,"column":20}},"loc":{"start":{"line":66,"column":23},"end":{"line":76,"column":7}}},"3":{"name":"(anonymous_9)","decl":{"start":{"line":77,"column":13},"end":{"line":77,"column":16}},"loc":{"start":{"line":77,"column":19},"end":{"line":79,"column":7}}},"4":{"name":"(anonymous_10)","decl":{"start":{"line":85,"column":9},"end":{"line":85,"column":12}},"loc":{"start":{"line":85,"column":54},"end":{"line":113,"column":3}}},"5":{"name":"(anonymous_11)","decl":{"start":{"line":99,"column":12},"end":{"line":99,"column":20}},"loc":{"start":{"line":99,"column":23},"end":{"line":109,"column":7}}},"6":{"name":"(anonymous_12)","decl":{"start":{"line":110,"column":13},"end":{"line":110,"column":16}},"loc":{"start":{"line":110,"column":19},"end":{"line":112,"column":7}}},"7":{"name":"(anonymous_13)","decl":{"start":{"line":118,"column":9},"end":{"line":118,"column":13}},"loc":{"start":{"line":118,"column":55},"end":{"line":145,"column":3}}},"8":{"name":"(anonymous_14)","decl":{"start":{"line":131,"column":12},"end":{"line":131,"column":20}},"loc":{"start":{"line":131,"column":23},"end":{"line":141,"column":7}}},"9":{"name":"(anonymous_15)","decl":{"start":{"line":142,"column":13},"end":{"line":142,"column":16}},"loc":{"start":{"line":142,"column":19},"end":{"line":144,"column":7}}},"10":{"name":"(anonymous_16)","decl":{"start":{"line":150,"column":9},"end":{"line":150,"column":19}},"loc":{"start":{"line":150,"column":61},"end":{"line":177,"column":3}}},"11":{"name":"(anonymous_17)","decl":{"start":{"line":163,"column":12},"end":{"line":163,"column":20}},"loc":{"start":{"line":163,"column":23},"end":{"line":173,"column":7}}},"12":{"name":"(anonymous_18)","decl":{"start":{"line":174,"column":13},"end":{"line":174,"column":16}},"loc":{"start":{"line":174,"column":19},"end":{"line":176,"column":7}}},"13":{"name":"(anonymous_21)","decl":{"start":{"line":199,"column":47},"end":{"line":199,"column":53}},"loc":{"start":{"line":199,"column":64},"end":{"line":202,"column":6}}},"14":{"name":"(anonymous_22)","decl":{"start":{"line":199,"column":64},"end":{"line":199,"column":null}},"loc":{"start":{"line":199,"column":64},"end":{"line":202,"column":5}}},"15":{"name":"(anonymous_23)","decl":{"start":{"line":205,"column":12},"end":{"line":205,"column":26}},"loc":{"start":{"line":205,"column":107},"end":{"line":214,"column":3}}},"16":{"name":"(anonymous_24)","decl":{"start":{"line":220,"column":12},"end":{"line":220,"column":23}},"loc":{"start":{"line":220,"column":23},"end":{"line":223,"column":3}}},"17":{"name":"(anonymous_25)","decl":{"start":{"line":229,"column":10},"end":{"line":229,"column":19}},"loc":{"start":{"line":229,"column":48},"end":{"line":279,"column":3}}},"18":{"name":"(anonymous_26)","decl":{"start":{"line":286,"column":10},"end":{"line":286,"column":17}},"loc":{"start":{"line":286,"column":46},"end":{"line":309,"column":3}}}},"branchMap":{"0":{"loc":{"start":{"line":45,"column":80},"end":{"line":45,"column":85}},"type":"default-arg","locations":[{"start":{"line":45,"column":80},"end":{"line":45,"column":85}}]},"1":{"loc":{"start":{"line":47,"column":21},"end":{"line":47,"column":30}},"type":"binary-expr","locations":[{"start":{"line":47,"column":21},"end":{"line":47,"column":30}},{"start":{"line":47,"column":34},"end":{"line":47,"column":39}}]},"2":{"loc":{"start":{"line":68,"column":12},"end":{"line":68,"column":28}},"type":"binary-expr","locations":[{"start":{"line":68,"column":12},"end":{"line":68,"column":28}},{"start":{"line":68,"column":32},"end":{"line":68,"column":64}}]},"3":{"loc":{"start":{"line":72,"column":12},"end":{"line":72,"column":16}},"type":"binary-expr","locations":[{"start":{"line":72,"column":12},"end":{"line":72,"column":16}},{"start":{"line":72,"column":20},"end":{"line":72,"column":43}}]},"4":{"loc":{"start":{"line":101,"column":12},"end":{"line":101,"column":28}},"type":"binary-expr","locations":[{"start":{"line":101,"column":12},"end":{"line":101,"column":28}},{"start":{"line":101,"column":32},"end":{"line":101,"column":64}}]},"5":{"loc":{"start":{"line":105,"column":12},"end":{"line":105,"column":16}},"type":"binary-expr","locations":[{"start":{"line":105,"column":12},"end":{"line":105,"column":16}},{"start":{"line":105,"column":20},"end":{"line":105,"column":43}}]},"6":{"loc":{"start":{"line":133,"column":12},"end":{"line":133,"column":28}},"type":"binary-expr","locations":[{"start":{"line":133,"column":12},"end":{"line":133,"column":28}},{"start":{"line":133,"column":32},"end":{"line":133,"column":64}}]},"7":{"loc":{"start":{"line":137,"column":12},"end":{"line":137,"column":16}},"type":"binary-expr","locations":[{"start":{"line":137,"column":12},"end":{"line":137,"column":16}},{"start":{"line":137,"column":20},"end":{"line":137,"column":43}}]},"8":{"loc":{"start":{"line":165,"column":12},"end":{"line":165,"column":28}},"type":"binary-expr","locations":[{"start":{"line":165,"column":12},"end":{"line":165,"column":28}},{"start":{"line":165,"column":32},"end":{"line":165,"column":64}}]},"9":{"loc":{"start":{"line":169,"column":12},"end":{"line":169,"column":16}},"type":"binary-expr","locations":[{"start":{"line":169,"column":12},"end":{"line":169,"column":16}},{"start":{"line":169,"column":20},"end":{"line":169,"column":43}}]},"10":{"loc":{"start":{"line":236,"column":8},"end":{"line":236,"column":23}},"type":"binary-expr","locations":[{"start":{"line":236,"column":8},"end":{"line":236,"column":23}},{"start":{"line":236,"column":27},"end":{"line":236,"column":51}},{"start":{"line":236,"column":55},"end":{"line":236,"column":79}}]}},"s":{"0":1,"1":1,"2":1,"3":1,"4":1,"5":1,"6":1,"7":0,"8":0,"9":0,"10":0,"11":0,"12":0,"13":0,"14":0,"15":0,"16":0,"17":0,"18":0,"19":0,"20":0,"21":0,"22":0,"23":0,"24":0,"25":0,"26":0,"27":0,"28":0,"29":0,"30":0,"31":0,"32":0,"33":0,"34":0,"35":0,"36":0,"37":0,"38":0,"39":0,"40":0,"41":0,"42":0,"43":0,"44":0,"45":0,"46":0,"47":0,"48":0,"49":0,"50":0,"51":0,"52":0,"53":0,"54":0,"55":0,"56":0,"57":0,"58":0,"59":0,"60":0,"61":0,"62":0,"63":0,"64":0,"65":0,"66":0,"67":0,"68":0,"69":0,"70":0,"71":0,"72":0,"73":0,"74":0,"75":0,"76":0,"77":0,"78":0,"79":0,"80":0,"81":0,"82":0,"83":0,"84":0,"85":0,"86":0,"87":0,"88":0,"89":0,"90":0,"91":0,"92":0,"93":0,"94":0,"95":0,"96":0,"97":0,"98":1},"f":{"0":0,"1":0,"2":0,"3":0,"4":0,"5":0,"6":0,"7":0,"8":0,"9":0,"10":0,"11":0,"12":0,"13":0,"14":0,"15":0,"16":0,"17":0,"18":0},"b":{"0":[0],"1":[0,0],"2":[0,0],"3":[0,0],"4":[0,0],"5":[0,0],"6":[0,0],"7":[0,0],"8":[0,0],"9":[0,0],"10":[0,0,0]}}
,"/build/src/rest/JsonTransformer.ts": {"path":"/build/src/rest/JsonTransformer.ts","statementMap":{"0":{"start":{"line":1,"column":0},"end":{"line":1,"column":51}},"1":{"start":{"line":14,"column":8},"end":{"line":14,"column":18}},"2":{"start":{"line":17,"column":10},"end":{"line":17,"column":34}},"3":{"start":{"line":19,"column":10},"end":{"line":19,"column":74}},"4":{"start":{"line":24,"column":6},"end":{"line":24,"column":18}},"5":{"start":{"line":6,"column":0},"end":{"line":6,"column":13}}},"fnMap":{"0":{"name":"(anonymous_0)","decl":{"start":{"line":11,"column":9},"end":{"line":11,"column":18}},"loc":{"start":{"line":11,"column":28},"end":{"line":26,"column":3}}}},"branchMap":{},"s":{"0":8,"1":0,"2":0,"3":0,"4":0,"5":8},"f":{"0":0},"b":{}}
,"/build/src/rest/NodeHTTP.ts": {"path":"/build/src/rest/NodeHTTP.ts","statementMap":{"0":{"start":{"line":3,"column":0},"end":{"line":3,"column":44}},"1":{"start":{"line":6,"column":17},"end":{"line":6,"column":37}},"2":{"start":{"line":10,"column":15},"end":{"line":10,"column":29}},"3":{"start":{"line":11,"column":4},"end":{"line":11,"column":32}},"4":{"start":{"line":12,"column":4},"end":{"line":12,"column":38}},"5":{"start":{"line":13,"column":4},"end":{"line":13,"column":52}},"6":{"start":{"line":15,"column":4},"end":{"line":18,"column":6}},"7":{"start":{"line":8,"column":0},"end":{"line":8,"column":13}}},"fnMap":{"0":{"name":"(anonymous_0)","decl":{"start":{"line":9,"column":12},"end":{"line":9,"column":26}},"loc":{"start":{"line":9,"column":107},"end":{"line":19,"column":3}}}},"branchMap":{},"s":{"0":0,"1":0,"2":0,"3":0,"4":0,"5":0,"6":0,"7":0},"f":{"0":0},"b":{}}
}
