TN:
SF:/build/src/Client.ts
FN:64,(anonymous_8)
FN:77,(anonymous_11)
FN:125,(anonymous_14)
FN:132,(anonymous_15)
FN:139,(anonymous_16)
FN:146,(anonymous_17)
FN:153,(anonymous_18)
FN:160,(anonymous_19)
FN:167,(anonymous_20)
FN:174,(anonymous_21)
FN:181,(anonymous_22)
FN:188,(anonymous_23)
FNF:12
FNH:2
FNDA:4,(anonymous_8)
FNDA:0,(anonymous_11)
FNDA:0,(anonymous_14)
FNDA:0,(anonymous_15)
FNDA:0,(anonymous_16)
FNDA:0,(anonymous_17)
FNDA:0,(anonymous_18)
FNDA:0,(anonymous_19)
FNDA:0,(anonymous_20)
FNDA:0,(anonymous_21)
FNDA:0,(anonymous_22)
FNDA:1,(anonymous_23)
DA:3,1
DA:4,1
DA:5,1
DA:7,1
DA:8,1
DA:9,1
DA:10,1
DA:11,1
DA:12,1
DA:13,1
DA:14,1
DA:15,1
DA:16,1
DA:18,1
DA:24,1
DA:33,3
DA:36,0
DA:38,1
DA:40,3
DA:42,3
DA:43,3
DA:44,3
DA:45,3
DA:66,4
DA:68,0
DA:70,4
DA:75,0
DA:78,0
DA:81,0
DA:89,1
DA:90,1
DA:92,1
DA:95,0
DA:98,1
DA:100,1
DA:104,0
DA:105,0
DA:106,0
DA:108,0
DA:113,1
DA:116,0
DA:118,0
DA:126,0
DA:133,0
DA:140,0
DA:147,0
DA:154,0
DA:161,0
DA:168,0
DA:175,0
DA:182,0
DA:189,1
LF:52
LH:31
BRF:0
BRH:0
end_of_record
TN:
SF:/build/src/api/ErrorMessage.ts
FN:4,(anonymous_0)
FN:12,(anonymous_1)
FNF:2
FNH:2
FNDA:4,(anonymous_0)
FNDA:4,(anonymous_1)
DA:1,12
DA:6,2
DA:8,2
DA:13,4
LF:4
LH:4
BRF:0
BRH:0
end_of_record
TN:
SF:/build/src/api/TwitarrAuthConfig.ts
FN:19,(anonymous_0)
FN:28,(anonymous_1)
FNF:2
FNH:1
FNDA:81,(anonymous_0)
FNDA:0,(anonymous_1)
DA:5,10
DA:20,81
DA:21,81
DA:22,81
DA:29,0
LF:5
LH:4
BRF:0
BRH:0
end_of_record
TN:
SF:/build/src/api/TwitarrError.ts
FN:31,(anonymous_0)
FN:36,(anonymous_1)
FN:54,(anonymous_2)
FN:84,(anonymous_3)
FNF:4
FNH:3
FNDA:30,(anonymous_0)
FNDA:0,(anonymous_1)
FNDA:24,(anonymous_2)
FNDA:20,(anonymous_3)
DA:1,12
DA:8,12
DA:32,30
DA:38,0
DA:41,0
DA:43,0
DA:44,0
DA:46,0
DA:55,24
DA:56,24
DA:57,24
DA:58,24
DA:59,24
DA:60,24
DA:63,2
DA:65,2
DA:67,2
DA:69,0
DA:73,24
DA:75,0
DA:78,24
DA:85,20
DA:87,5
DA:88,5
DA:89,5
DA:90,5
DA:93,7
DA:95,13
LF:28
LH:21
BRDA:40,0,0,0
BRDA:40,0,1,0
BRDA:42,1,0,0
BRDA:42,1,1,0
BRDA:62,2,0,24
BRDA:62,2,1,22
BRDA:66,3,0,20
BRDA:66,3,1,2
BRDA:90,4,0,2
BRDA:90,4,1,3
BRF:10
BRH:6
end_of_record
TN:
SF:/build/src/api/TwitarrHTTPOptions.ts
FN:63,(anonymous_0)
FN:20,(anonymous_1)
FN:27,(anonymous_2)
FN:32,(anonymous_3)
FN:39,(anonymous_4)
FN:80,(anonymous_5)
FN:90,(anonymous_6)
FN:101,(anonymous_7)
FN:107,(anonymous_8)
FNF:9
FNH:9
FNDA:112,(anonymous_0)
FNDA:2,(anonymous_1)
FNDA:1,(anonymous_2)
FNDA:1,(anonymous_3)
FNDA:4,(anonymous_4)
FNDA:1,(anonymous_5)
FNDA:32,(anonymous_6)
FNDA:7,(anonymous_7)
FNDA:2,(anonymous_8)
DA:1,9
DA:6,9
DA:9,9
DA:12,9
DA:18,9
DA:22,1
DA:24,1
DA:28,1
DA:34,0
DA:36,1
DA:40,4
DA:47,112
DA:50,112
DA:65,1
DA:68,3
DA:71,3
DA:81,1
DA:82,1
DA:92,32
DA:94,32
DA:102,7
DA:103,7
DA:104,7
DA:108,2
DA:110,1
DA:111,1
DA:114,1
DA:115,1
DA:117,2
LF:29
LH:28
BRF:0
BRH:0
end_of_record
TN:
SF:/build/src/api/TwitarrResult.ts
FN:41,(anonymous_0)
FN:9,(anonymous_1)
FN:14,(anonymous_2)
FN:60,(anonymous_3)
FNF:4
FNH:3
FNDA:57,(anonymous_0)
FNDA:57,(anonymous_1)
FNDA:0,(anonymous_2)
FNDA:79,(anonymous_3)
DA:1,8
DA:7,8
DA:10,57
DA:16,0
DA:42,57
DA:43,57
DA:44,57
DA:46,57
DA:47,57
DA:48,57
DA:51,1
DA:55,0
DA:61,79
LF:13
LH:11
BRDA:47,0,0,0
BRDA:47,0,1,57
BRDA:47,1,0,57
BRDA:47,1,1,55
BRDA:48,2,0,51
BRDA:48,2,1,6
BRDA:48,3,0,57
BRDA:48,3,1,55
BRDA:50,4,0,57
BRDA:50,4,1,57
BRDA:50,4,2,55
BRDA:54,5,0,57
BRDA:54,5,1,57
BRDA:54,5,2,57
BRDA:10,6,0,57
BRDA:10,6,1,56
BRDA:61,7,0,79
BRDA:61,7,1,2
BRDA:61,7,2,2
BRF:19
BRH:18
end_of_record
TN:
SF:/build/src/api/TwitarrServer.ts
FN:43,(anonymous_0)
FN:60,(anonymous_1)
FN:82,(anonymous_2)
FN:91,(anonymous_3)
FN:99,(anonymous_4)
FNF:5
FNH:3
FNDA:80,(anonymous_0)
FNDA:14,(anonymous_1)
FNDA:0,(anonymous_2)
FNDA:3,(anonymous_3)
FNDA:0,(anonymous_4)
DA:2,9
DA:4,9
DA:5,9
DA:11,9
DA:44,80
DA:45,80
DA:46,80
DA:48,75
DA:50,5
DA:62,1
DA:65,2
DA:67,11
DA:69,2
DA:71,9
DA:74,1
DA:76,11
DA:83,0
DA:84,0
DA:85,0
DA:93,1
DA:95,2
DA:100,0
LF:22
LH:18
BRDA:68,0,0,11
BRDA:68,0,1,9
BRDA:83,1,0,0
BRDA:83,1,1,0
BRDA:100,2,0,0
BRDA:100,2,1,0
BRF:6
BRH:2
end_of_record
TN:
SF:/build/src/dao/AbstractDAO.ts
FN:19,(anonymous_0)
FN:29,(anonymous_1)
FN:33,(anonymous_2)
FN:37,(anonymous_3)
FNF:4
FNH:3
FNDA:58,(anonymous_0)
FNDA:65,(anonymous_1)
FNDA:0,(anonymous_2)
FNDA:19,(anonymous_3)
DA:3,8
DA:6,8
DA:21,1
DA:23,58
DA:30,65
DA:34,0
DA:39,19
DA:42,19
DA:45,0
LF:9
LH:7
BRDA:39,0,0,18
BRDA:39,0,1,1
BRDA:39,1,0,19
BRDA:39,1,1,19
BRF:4
BRH:4
end_of_record
TN:
SF:/build/src/dao/AlertDAO.ts
FN:31,(anonymous_8)
FN:32,(anonymous_9)
FN:44,(anonymous_12)
FN:45,(anonymous_13)
FNF:4
FNH:0
FNDA:0,(anonymous_8)
FNDA:0,(anonymous_9)
FNDA:0,(anonymous_12)
FNDA:0,(anonymous_13)
DA:3,1
DA:5,1
DA:7,1
DA:17,1
DA:22,0
DA:24,0
DA:27,0
DA:29,0
DA:31,0
DA:33,0
DA:38,0
DA:40,0
DA:42,0
DA:44,0
DA:46,0
LF:15
LH:4
BRF:0
BRH:0
end_of_record
TN:
SF:/build/src/dao/AutocompleteDAO.ts
FN:23,(anonymous_8)
FN:24,(anonymous_9)
FN:44,(anonymous_12)
FN:45,(anonymous_13)
FN:46,(anonymous_14)
FNF:5
FNH:5
FNDA:1,(anonymous_8)
FNDA:1,(anonymous_9)
FNDA:1,(anonymous_12)
FNDA:1,(anonymous_13)
FNDA:2,(anonymous_14)
DA:1,2
DA:3,2
DA:5,2
DA:7,2
DA:13,0
DA:16,2
DA:18,1
DA:21,1
DA:23,1
DA:25,1
DA:34,0
DA:37,1
DA:39,0
DA:42,1
DA:44,1
DA:46,2
LF:16
LH:13
BRF:0
BRH:0
end_of_record
TN:
SF:/build/src/dao/EventDAO.ts
FN:10,(anonymous_6)
FN:46,(anonymous_9)
FN:47,(anonymous_10)
FN:48,(anonymous_11)
FN:59,(anonymous_14)
FN:60,(anonymous_15)
FN:71,(anonymous_18)
FN:72,(anonymous_19)
FN:84,(anonymous_22)
FN:85,(anonymous_23)
FN:97,(anonymous_26)
FN:98,(anonymous_27)
FN:125,(anonymous_30)
FN:126,(anonymous_31)
FN:142,(anonymous_34)
FN:143,(anonymous_35)
FN:144,(anonymous_36)
FNF:17
FNH:4
FNDA:4,(anonymous_6)
FNDA:1,(anonymous_9)
FNDA:1,(anonymous_10)
FNDA:4,(anonymous_11)
FNDA:0,(anonymous_14)
FNDA:0,(anonymous_15)
FNDA:0,(anonymous_18)
FNDA:0,(anonymous_19)
FNDA:0,(anonymous_22)
FNDA:0,(anonymous_23)
FNDA:0,(anonymous_26)
FNDA:0,(anonymous_27)
FNDA:0,(anonymous_30)
FNDA:0,(anonymous_31)
FNDA:0,(anonymous_34)
FNDA:0,(anonymous_35)
FNDA:0,(anonymous_36)
DA:3,2
DA:5,2
DA:7,2
DA:10,2
DA:11,4
DA:14,4
DA:18,1
DA:20,0
DA:23,0
DA:27,0
DA:30,0
DA:34,0
DA:36,4
DA:39,2
DA:44,1
DA:46,1
DA:48,4
DA:49,1
DA:57,0
DA:59,0
DA:61,0
DA:69,0
DA:71,0
DA:73,0
DA:82,0
DA:84,0
DA:86,0
DA:95,0
DA:97,0
DA:99,0
DA:107,0
DA:109,0
DA:112,0
DA:115,0
DA:118,0
DA:121,0
DA:123,0
DA:125,0
DA:127,0
DA:135,0
DA:136,0
DA:138,0
DA:140,0
DA:142,0
DA:144,0
DA:145,0
LF:46
LH:13
BRF:0
BRH:0
end_of_record
TN:
SF:/build/src/dao/ForumDAO.ts
FN:33,(anonymous_8)
FN:34,(anonymous_9)
FN:53,(anonymous_12)
FN:54,(anonymous_13)
FN:70,(anonymous_16)
FN:71,(anonymous_17)
FN:89,(anonymous_20)
FN:90,(anonymous_21)
FN:99,(anonymous_24)
FN:100,(anonymous_25)
FN:109,(anonymous_28)
FN:110,(anonymous_29)
FN:119,(anonymous_32)
FN:120,(anonymous_33)
FN:129,(anonymous_36)
FN:130,(anonymous_37)
FN:139,(anonymous_40)
FN:140,(anonymous_41)
FN:149,(anonymous_44)
FN:150,(anonymous_45)
FN:151,(anonymous_46)
FN:159,(anonymous_49)
FN:160,(anonymous_50)
FN:176,(anonymous_53)
FN:177,(anonymous_54)
FN:186,(anonymous_57)
FN:187,(anonymous_58)
FNF:27
FNH:0
FNDA:0,(anonymous_8)
FNDA:0,(anonymous_9)
FNDA:0,(anonymous_12)
FNDA:0,(anonymous_13)
FNDA:0,(anonymous_16)
FNDA:0,(anonymous_17)
FNDA:0,(anonymous_20)
FNDA:0,(anonymous_21)
FNDA:0,(anonymous_24)
FNDA:0,(anonymous_25)
FNDA:0,(anonymous_28)
FNDA:0,(anonymous_29)
FNDA:0,(anonymous_32)
FNDA:0,(anonymous_33)
FNDA:0,(anonymous_36)
FNDA:0,(anonymous_37)
FNDA:0,(anonymous_40)
FNDA:0,(anonymous_41)
FNDA:0,(anonymous_44)
FNDA:0,(anonymous_45)
FNDA:0,(anonymous_46)
FNDA:0,(anonymous_49)
FNDA:0,(anonymous_50)
FNDA:0,(anonymous_53)
FNDA:0,(anonymous_54)
FNDA:0,(anonymous_57)
FNDA:0,(anonymous_58)
DA:1,1
DA:3,1
DA:4,1
DA:5,1
DA:6,1
DA:7,1
DA:9,1
DA:19,1
DA:24,0
DA:26,0
DA:29,0
DA:31,0
DA:33,0
DA:35,0
DA:41,0
DA:46,0
DA:49,0
DA:51,0
DA:53,0
DA:55,0
DA:61,0
DA:63,0
DA:66,0
DA:68,0
DA:70,0
DA:72,0
DA:78,0
DA:82,0
DA:85,0
DA:87,0
DA:89,0
DA:91,0
DA:97,0
DA:99,0
DA:101,0
DA:107,0
DA:109,0
DA:111,0
DA:117,0
DA:119,0
DA:121,0
DA:127,0
DA:129,0
DA:131,0
DA:137,0
DA:139,0
DA:141,0
DA:147,0
DA:149,0
DA:151,0
DA:156,0
DA:157,0
DA:159,0
DA:161,0
DA:167,0
DA:169,0
DA:172,0
DA:174,0
DA:176,0
DA:178,0
DA:184,0
DA:186,0
DA:188,0
LF:63
LH:8
BRDA:45,0,0,0
BRDA:45,0,1,0
BRDA:81,1,0,0
BRDA:81,1,1,0
BRDA:108,2,0,0
BRDA:108,2,1,0
BRDA:118,3,0,0
BRDA:118,3,1,0
BRDA:171,4,0,0
BRDA:171,4,1,0
BRF:10
BRH:0
end_of_record
TN:
SF:/build/src/dao/PhotoDAO.ts
FN:17,(anonymous_8)
FN:18,(anonymous_9)
FN:34,(anonymous_12)
FN:35,(anonymous_13)
FN:66,(anonymous_18)
FN:67,(anonymous_19)
FN:91,(anonymous_22)
FN:92,(anonymous_23)
FN:103,(anonymous_26)
FN:104,(anonymous_27)
FNF:10
FNH:6
FNDA:1,(anonymous_8)
FNDA:1,(anonymous_9)
FNDA:1,(anonymous_12)
FNDA:1,(anonymous_13)
FNDA:1,(anonymous_18)
FNDA:1,(anonymous_19)
FNDA:0,(anonymous_22)
FNDA:0,(anonymous_23)
FNDA:0,(anonymous_26)
FNDA:0,(anonymous_27)
DA:1,2
DA:2,2
DA:3,2
DA:4,2
DA:6,2
DA:8,2
DA:13,1
DA:15,1
DA:17,1
DA:19,1
DA:27,1
DA:29,1
DA:32,1
DA:34,1
DA:36,1
DA:44,1
DA:51,1
DA:55,1
DA:57,0
DA:59,0
DA:61,0
DA:64,1
DA:66,1
DA:68,1
DA:76,0
DA:80,0
DA:82,0
DA:84,0
DA:86,0
DA:89,0
DA:91,0
DA:93,0
DA:101,0
DA:103,0
DA:105,0
LF:35
LH:21
BRDA:58,0,0,0
BRDA:58,0,1,0
BRDA:83,1,0,0
BRDA:83,1,1,0
BRF:4
BRH:0
end_of_record
TN:
SF:/build/src/dao/SeamailDAO.ts
FN:20,(anonymous_8)
FN:21,(anonymous_9)
FN:36,(anonymous_12)
FN:37,(anonymous_13)
FN:53,(anonymous_16)
FN:65,(anonymous_19)
FN:73,(anonymous_22)
FN:79,(anonymous_25)
FNF:8
FNH:8
FNDA:2,(anonymous_8)
FNDA:2,(anonymous_9)
FNDA:3,(anonymous_12)
FNDA:3,(anonymous_13)
FNDA:4,(anonymous_16)
FNDA:1,(anonymous_19)
FNDA:1,(anonymous_22)
FNDA:1,(anonymous_25)
DA:3,2
DA:4,2
DA:5,2
DA:6,2
DA:7,2
DA:9,2
DA:12,1
DA:14,2
DA:16,1
DA:18,2
DA:20,2
DA:22,2
DA:27,3
DA:29,1
DA:32,1
DA:34,3
DA:36,3
DA:38,3
DA:43,4
DA:45,1
DA:48,1
DA:51,1
DA:53,4
DA:54,4
DA:59,1
DA:60,1
DA:65,1
DA:66,1
DA:71,1
DA:72,1
DA:73,1
DA:74,1
DA:79,1
DA:80,1
LF:34
LH:34
BRF:0
BRH:0
end_of_record
TN:
SF:/build/src/dao/SearchDAO.ts
FN:58,(anonymous_20)
FNF:1
FNH:1
FNDA:1,(anonymous_20)
DA:1,2
DA:2,2
DA:3,2
DA:5,2
DA:10,1
DA:17,0
DA:24,0
DA:31,0
DA:38,0
DA:45,0
DA:49,1
DA:52,0
DA:55,0
DA:58,1
DA:59,1
LF:15
LH:8
BRDA:51,0,0,1
BRDA:51,0,1,0
BRF:2
BRH:1
end_of_record
TN:
SF:/build/src/dao/StreamDAO.ts
FN:46,(anonymous_8)
FN:62,(anonymous_11)
FN:81,(anonymous_14)
FN:100,(anonymous_17)
FN:118,(anonymous_20)
FN:133,(anonymous_23)
FN:142,(anonymous_26)
FN:151,(anonymous_29)
FN:160,(anonymous_32)
FN:169,(anonymous_35)
FN:178,(anonymous_38)
FN:187,(anonymous_41)
FNF:12
FNH:11
FNDA:10,(anonymous_8)
FNDA:3,(anonymous_11)
FNDA:1,(anonymous_14)
FNDA:1,(anonymous_17)
FNDA:1,(anonymous_20)
FNDA:1,(anonymous_23)
FNDA:1,(anonymous_26)
FNDA:1,(anonymous_29)
FNDA:1,(anonymous_32)
FNDA:0,(anonymous_35)
FNDA:1,(anonymous_38)
FNDA:1,(anonymous_41)
DA:1,2
DA:2,2
DA:3,2
DA:4,2
DA:6,2
DA:34,2
DA:39,10
DA:41,9
DA:43,1
DA:46,10
DA:47,10
DA:55,3
DA:57,2
DA:60,1
DA:62,3
DA:63,3
DA:71,1
DA:73,0
DA:76,0
DA:79,0
DA:81,1
DA:82,1
DA:90,1
DA:92,0
DA:95,0
DA:98,0
DA:100,1
DA:101,1
DA:109,1
DA:113,0
DA:116,0
DA:118,1
DA:119,1
DA:127,1
DA:131,0
DA:133,1
DA:134,1
DA:142,1
DA:143,1
DA:151,1
DA:152,1
DA:160,1
DA:161,1
DA:169,0
DA:170,0
DA:178,1
DA:179,1
DA:187,1
DA:188,1
LF:49
LH:38
BRF:0
BRH:0
end_of_record
TN:
SF:/build/src/dao/TextDAO.ts
FN:15,(anonymous_8)
FN:16,(anonymous_9)
FN:24,(anonymous_12)
FN:25,(anonymous_13)
FN:37,(anonymous_16)
FN:38,(anonymous_17)
FN:46,(anonymous_20)
FN:47,(anonymous_21)
FN:49,(anonymous_22)
FNF:9
FNH:0
FNDA:0,(anonymous_8)
FNDA:0,(anonymous_9)
FNDA:0,(anonymous_12)
FNDA:0,(anonymous_13)
FNDA:0,(anonymous_16)
FNDA:0,(anonymous_17)
FNDA:0,(anonymous_20)
FNDA:0,(anonymous_21)
FNDA:0,(anonymous_22)
DA:1,1
DA:3,1
DA:5,1
DA:7,1
DA:9,1
DA:11,0
DA:13,0
DA:15,0
DA:17,0
DA:22,0
DA:24,0
DA:26,0
DA:35,0
DA:37,0
DA:39,0
DA:44,0
DA:46,0
DA:49,0
LF:18
LH:5
BRF:0
BRH:0
end_of_record
TN:
SF:/build/src/dao/UserDAO.ts
FN:32,(anonymous_10)
FN:33,(anonymous_11)
FN:60,(anonymous_14)
FN:61,(anonymous_15)
FN:72,(anonymous_18)
FN:73,(anonymous_19)
FN:81,(anonymous_22)
FN:82,(anonymous_23)
FN:90,(anonymous_26)
FN:91,(anonymous_27)
FN:92,(anonymous_28)
FN:132,(anonymous_37)
FN:138,(anonymous_40)
FNF:13
FNH:11
FNDA:2,(anonymous_10)
FNDA:2,(anonymous_11)
FNDA:0,(anonymous_14)
FNDA:0,(anonymous_15)
FNDA:1,(anonymous_18)
FNDA:1,(anonymous_19)
FNDA:2,(anonymous_22)
FNDA:2,(anonymous_23)
FNDA:1,(anonymous_26)
FNDA:1,(anonymous_27)
FNDA:1,(anonymous_28)
FNDA:1,(anonymous_37)
FNDA:1,(anonymous_40)
DA:1,2
DA:2,2
DA:4,2
DA:6,2
DA:7,2
DA:9,2
DA:11,2
DA:13,3
DA:14,3
DA:19,3
DA:20,2
DA:22,2
DA:23,2
DA:25,0
DA:29,2
DA:30,2
DA:32,2
DA:34,2
DA:39,0
DA:41,0
DA:44,0
DA:47,0
DA:50,0
DA:53,0
DA:56,0
DA:58,0
DA:60,0
DA:62,0
DA:67,1
DA:70,1
DA:72,1
DA:74,1
DA:79,2
DA:81,2
DA:83,2
DA:88,1
DA:90,1
DA:92,1
DA:96,0
DA:102,0
DA:105,0
DA:110,0
DA:112,2
DA:116,2
DA:121,0
DA:123,2
DA:128,2
DA:132,1
DA:133,1
DA:138,1
DA:139,1
LF:51
LH:35
BRDA:21,0,0,2
BRDA:21,0,1,2
BRDA:29,1,0,1
BRDA:29,1,1,1
BRF:4
BRH:4
end_of_record
TN:
SF:/build/src/internal/UUID.ts
FN:11,(anonymous_0)
FN:16,(anonymous_1)
FNF:2
FNH:2
FNDA:80,(anonymous_0)
FNDA:2480,(anonymous_1)
DA:7,9
DA:12,80
DA:14,80
DA:16,80
DA:17,2480
DA:18,2480
DA:20,2480
LF:7
LH:7
BRDA:13,0,0,80
BRDA:13,0,1,80
BRDA:20,1,0,2400
BRDA:20,1,1,80
BRF:4
BRH:4
end_of_record
TN:
SF:/build/src/internal/Util.ts
FN:7,(anonymous_0)
FN:23,(anonymous_1)
FN:41,(anonymous_2)
FN:60,(anonymous_3)
FN:69,(anonymous_4)
FN:86,(anonymous_5)
FN:98,(anonymous_6)
FN:112,(anonymous_7)
FNF:8
FNH:7
FNDA:0,(anonymous_0)
FNDA:5641,(anonymous_1)
FNDA:352,(anonymous_2)
FNDA:8,(anonymous_3)
FNDA:329,(anonymous_4)
FNDA:6,(anonymous_5)
FNDA:338,(anonymous_6)
FNDA:335,(anonymous_7)
DA:1,11
DA:6,11
DA:7,11
DA:8,0
DA:12,11
DA:18,11
DA:25,0
DA:31,1085
DA:34,2103
DA:38,2453
DA:43,5
DA:46,2
DA:50,5
DA:53,340
DA:61,8
DA:71,4
DA:73,2
DA:75,323
DA:77,0
DA:87,6
DA:89,4
DA:91,2
DA:102,801
DA:116,313
LF:24
LH:21
BRDA:28,0,0,5651
BRDA:28,0,1,3194
BRDA:61,1,0,8
BRDA:61,1,1,7
BRDA:70,2,0,329
BRDA:70,2,1,327
BRDA:74,3,0,323
BRDA:74,3,1,5
BRDA:74,3,2,2
BRDA:74,3,3,0
BRF:10
BRH:9
end_of_record
TN:
SF:/build/src/model/AlertResponse.ts
FN:15,(anonymous_0)
FN:22,(anonymous_1)
FN:25,(anonymous_2)
FN:33,(anonymous_3)
FN:36,(anonymous_4)
FN:54,(anonymous_5)
FNF:6
FNH:0
FNDA:0,(anonymous_0)
FNDA:0,(anonymous_1)
FNDA:0,(anonymous_2)
FNDA:0,(anonymous_3)
FNDA:0,(anonymous_4)
FNDA:0,(anonymous_5)
DA:3,1
DA:5,1
DA:6,1
DA:7,1
DA:8,1
DA:14,1
DA:16,0
DA:18,0
DA:19,0
DA:22,0
DA:25,0
DA:33,0
DA:36,0
DA:39,0
DA:55,0
LF:15
LH:6
BRF:0
BRH:0
end_of_record
TN:
SF:/build/src/model/Announcement.ts
FN:12,(anonymous_0)
FN:37,(anonymous_1)
FNF:2
FNH:0
FNDA:0,(anonymous_0)
FNDA:0,(anonymous_1)
DA:3,1
DA:5,1
DA:11,1
DA:13,0
DA:15,0
DA:16,0
DA:17,0
DA:19,0
DA:22,0
DA:38,0
LF:10
LH:3
BRF:0
BRH:0
end_of_record
TN:
SF:/build/src/model/Event.ts
FN:10,(anonymous_0)
FN:44,(anonymous_1)
FNF:2
FNH:1
FNDA:4,(anonymous_0)
FNDA:0,(anonymous_1)
DA:1,3
DA:9,3
DA:11,4
DA:13,4
DA:14,4
DA:15,4
DA:17,4
DA:45,0
DA:46,0
DA:48,0
DA:51,0
DA:53,0
LF:12
LH:7
BRF:0
BRH:0
end_of_record
TN:
SF:/build/src/model/ForumPost.ts
FN:12,(anonymous_0)
FN:13,(anonymous_1)
FN:26,(anonymous_2)
FN:55,(anonymous_3)
FN:60,(anonymous_4)
FNF:5
FNH:0
FNDA:0,(anonymous_0)
FNDA:0,(anonymous_1)
FNDA:0,(anonymous_2)
FNDA:0,(anonymous_3)
FNDA:0,(anonymous_4)
DA:3,2
DA:5,2
DA:6,2
DA:12,2
DA:14,0
DA:16,0
DA:17,0
DA:18,0
DA:20,0
DA:23,0
DA:26,0
DA:28,0
DA:50,0
DA:56,0
DA:57,0
DA:58,0
DA:59,0
DA:60,0
DA:61,0
LF:19
LH:4
BRF:0
BRH:0
end_of_record
TN:
SF:/build/src/model/ForumResponse.ts
FN:5,(anonymous_0)
FN:6,(anonymous_1)
FN:11,(anonymous_2)
FNF:3
FNH:0
FNDA:0,(anonymous_0)
FNDA:0,(anonymous_1)
FNDA:0,(anonymous_2)
DA:1,1
DA:3,1
DA:5,1
DA:7,0
DA:9,0
DA:10,0
DA:11,0
DA:12,0
DA:16,0
LF:9
LH:3
BRF:0
BRH:0
end_of_record
TN:
SF:/build/src/model/ForumThread.ts
FN:12,(anonymous_0)
FN:13,(anonymous_1)
FN:38,(anonymous_2)
FN:90,(anonymous_3)
FN:112,(anonymous_4)
FNF:5
FNH:0
FNDA:0,(anonymous_0)
FNDA:0,(anonymous_1)
FNDA:0,(anonymous_2)
FNDA:0,(anonymous_3)
FNDA:0,(anonymous_4)
DA:3,2
DA:5,2
DA:6,2
DA:12,2
DA:14,0
DA:16,0
DA:17,0
DA:33,0
DA:35,0
DA:38,0
DA:40,0
DA:42,0
DA:61,0
DA:91,0
DA:92,0
DA:108,0
DA:110,0
DA:112,0
DA:113,0
LF:19
LH:4
BRF:0
BRH:0
end_of_record
TN:
SF:/build/src/model/PhotoDetails.ts
FN:9,(anonymous_0)
FN:10,(anonymous_1)
FN:46,(anonymous_2)
FNF:3
FNH:2
FNDA:11,(anonymous_0)
FNDA:11,(anonymous_1)
FNDA:0,(anonymous_2)
DA:1,5
DA:9,5
DA:11,11
DA:13,11
DA:14,11
DA:15,11
DA:17,3
DA:19,11
DA:44,11
DA:47,0
LF:10
LH:9
BRF:0
BRH:0
end_of_record
TN:
SF:/build/src/model/ReactionDetail.ts
FN:9,(anonymous_0)
FN:25,(anonymous_1)
FNF:2
FNH:0
FNDA:0,(anonymous_0)
FNDA:0,(anonymous_1)
DA:1,1
DA:2,1
DA:8,1
DA:10,0
DA:11,0
DA:12,0
DA:14,0
DA:16,0
DA:26,0
LF:9
LH:3
BRF:0
BRH:0
end_of_record
TN:
SF:/build/src/model/ReactionsSummary.ts
FN:13,(anonymous_0)
FN:22,(anonymous_1)
FNF:2
FNH:1
FNDA:82,(anonymous_0)
FNDA:0,(anonymous_1)
DA:12,4
DA:14,82
DA:15,82
DA:16,82
DA:23,0
LF:5
LH:4
BRF:0
BRH:0
end_of_record
TN:
SF:/build/src/model/SeamailMessage.ts
FN:11,(anonymous_0)
FN:12,(anonymous_1)
FN:25,(anonymous_2)
FN:46,(anonymous_3)
FN:50,(anonymous_4)
FNF:5
FNH:3
FNDA:24,(anonymous_0)
FNDA:25,(anonymous_1)
FNDA:20,(anonymous_2)
FNDA:0,(anonymous_3)
FNDA:0,(anonymous_4)
DA:1,5
DA:3,5
DA:11,5
DA:13,25
DA:15,23
DA:17,23
DA:18,23
DA:21,23
DA:25,20
DA:28,23
DA:44,24
DA:47,0
DA:50,0
LF:13
LH:11
BRF:0
BRH:0
end_of_record
TN:
SF:/build/src/model/SeamailResponse.ts
FN:9,(anonymous_0)
FN:10,(anonymous_1)
FN:25,(anonymous_2)
FN:28,(anonymous_3)
FN:44,(anonymous_4)
FNF:5
FNH:4
FNDA:10,(anonymous_0)
FNDA:10,(anonymous_1)
FNDA:2,(anonymous_2)
FNDA:9,(anonymous_3)
FNDA:0,(anonymous_4)
DA:3,2
DA:5,2
DA:7,2
DA:9,2
DA:11,10
DA:14,0
DA:17,10
DA:18,10
DA:21,3
DA:22,3
DA:25,3
DA:26,3
DA:28,9
DA:29,4
DA:32,10
DA:42,10
DA:49,0
DA:51,0
DA:53,0
LF:19
LH:15
BRDA:13,0,0,10
BRDA:13,0,1,7
BRDA:13,0,2,4
BRF:3
BRH:3
end_of_record
TN:
SF:/build/src/model/SeamailThread.ts
FN:12,(anonymous_0)
FN:13,(anonymous_1)
FN:21,(anonymous_2)
FN:24,(anonymous_3)
FN:54,(anonymous_4)
FN:57,(anonymous_5)
FN:58,(anonymous_6)
FNF:7
FNH:4
FNDA:18,(anonymous_0)
FNDA:19,(anonymous_1)
FNDA:43,(anonymous_2)
FNDA:20,(anonymous_3)
FNDA:0,(anonymous_4)
FNDA:0,(anonymous_5)
FNDA:0,(anonymous_6)
DA:1,4
DA:2,4
DA:4,4
DA:12,4
DA:14,19
DA:16,17
DA:18,17
DA:19,17
DA:21,43
DA:24,20
DA:27,17
DA:34,18
DA:40,18
DA:55,0
DA:56,0
DA:57,0
DA:58,0
DA:59,0
DA:60,0
LF:19
LH:13
BRF:0
BRH:0
end_of_record
TN:
SF:/build/src/model/SearchResponse.ts
FN:21,(anonymous_0)
FN:22,(anonymous_1)
FN:35,(anonymous_2)
FN:39,(anonymous_3)
FN:43,(anonymous_4)
FN:47,(anonymous_5)
FN:51,(anonymous_6)
FN:90,(anonymous_7)
FNF:8
FNH:5
FNDA:1,(anonymous_0)
FNDA:1,(anonymous_1)
FNDA:1,(anonymous_2)
FNDA:1,(anonymous_3)
FNDA:1,(anonymous_4)
FNDA:0,(anonymous_5)
FNDA:0,(anonymous_6)
FNDA:0,(anonymous_7)
DA:1,2
DA:3,2
DA:5,2
DA:6,2
DA:7,2
DA:8,2
DA:9,2
DA:21,2
DA:23,1
DA:26,0
DA:29,1
DA:31,1
DA:34,1
DA:35,1
DA:38,1
DA:39,1
DA:42,1
DA:43,1
DA:46,0
DA:47,0
DA:50,0
DA:51,0
DA:54,1
DA:60,1
DA:66,1
DA:72,1
DA:78,1
DA:84,1
DA:91,0
LF:29
LH:23
BRDA:30,0,0,1
BRDA:30,0,1,1
BRF:2
BRH:2
end_of_record
TN:
SF:/build/src/model/StreamPost.ts
FN:13,(anonymous_0)
FN:14,(anonymous_1)
FN:34,(anonymous_2)
FN:67,(anonymous_3)
FN:70,(anonymous_4)
FNF:5
FNH:3
FNDA:80,(anonymous_0)
FNDA:80,(anonymous_1)
FNDA:4,(anonymous_2)
FNDA:0,(anonymous_3)
FNDA:0,(anonymous_4)
DA:1,4
DA:3,4
DA:6,4
DA:7,4
DA:13,4
DA:15,80
DA:17,80
DA:19,80
DA:20,80
DA:22,80
DA:25,80
DA:28,8
DA:31,76
DA:34,4
DA:37,80
DA:62,80
DA:65,80
DA:68,0
DA:70,0
LF:19
LH:17
BRDA:30,0,0,80
BRDA:30,0,1,76
BRDA:33,1,0,80
BRDA:33,1,1,3
BRDA:74,2,0,0
BRDA:74,2,1,0
BRDA:75,3,0,0
BRDA:75,3,1,0
BRF:8
BRH:4
end_of_record
TN:
SF:/build/src/model/StreamResponse.ts
FN:7,(anonymous_0)
FN:8,(anonymous_1)
FN:20,(anonymous_2)
FN:44,(anonymous_3)
FN:54,(anonymous_4)
FNF:5
FNH:3
FNDA:17,(anonymous_0)
FNDA:17,(anonymous_1)
FNDA:72,(anonymous_2)
FNDA:0,(anonymous_3)
FNDA:0,(anonymous_4)
DA:3,2
DA:4,2
DA:5,2
DA:7,2
DA:9,17
DA:12,0
DA:15,17
DA:17,17
DA:18,17
DA:20,72
DA:21,14
DA:24,0
DA:25,0
DA:28,3
DA:29,3
DA:32,17
DA:42,17
DA:46,0
DA:48,0
DA:52,17
DA:55,0
DA:56,0
DA:57,0
DA:59,0
DA:61,0
DA:63,0
LF:26
LH:15
BRDA:45,0,0,0
BRDA:45,0,1,0
BRF:2
BRH:0
end_of_record
TN:
SF:/build/src/model/User.ts
FN:10,(anonymous_0)
FN:85,(anonymous_1)
FN:113,(anonymous_2)
FN:117,(anonymous_3)
FNF:4
FNH:1
FNDA:173,(anonymous_0)
FNDA:0,(anonymous_1)
FNDA:0,(anonymous_2)
FNDA:0,(anonymous_3)
DA:1,8
DA:9,8
DA:11,173
DA:13,173
DA:15,173
DA:32,173
DA:34,173
DA:86,0
DA:87,0
DA:105,0
DA:108,0
DA:110,0
DA:114,0
DA:118,0
DA:120,0
DA:122,0
LF:16
LH:7
BRDA:114,0,0,0
BRDA:114,0,1,0
BRDA:119,1,0,0
BRDA:119,1,1,0
BRF:4
BRH:0
end_of_record
TN:
SF:/build/src/model/UserProfileInfo.ts
FN:6,(anonymous_0)
FN:7,(anonymous_1)
FN:14,(anonymous_2)
FN:46,(anonymous_3)
FN:57,(anonymous_4)
FNF:5
FNH:3
FNDA:3,(anonymous_0)
FNDA:3,(anonymous_1)
FNDA:0,(anonymous_2)
FNDA:1,(anonymous_3)
FNDA:0,(anonymous_4)
DA:1,2
DA:2,2
DA:4,2
DA:6,2
DA:8,3
DA:10,3
DA:12,3
DA:14,0
DA:18,1
DA:21,0
DA:24,3
DA:43,3
DA:48,1
DA:51,0
DA:53,0
DA:59,0
DA:62,0
DA:64,0
LF:18
LH:11
BRDA:61,0,0,0
BRDA:61,0,1,0
BRF:2
BRH:0
end_of_record
TN:
SF:/build/src/rest/AbstractHTTP.ts
FN:58,(anonymous_0)
FN:25,(anonymous_1)
FN:32,(anonymous_2)
FN:43,(anonymous_3)
FN:47,(anonymous_4)
FN:67,(anonymous_5)
FN:71,(anonymous_6)
FN:80,(anonymous_7)
FN:84,(anonymous_8)
FN:93,(anonymous_9)
FN:97,(anonymous_10)
FN:125,(anonymous_11)
FN:130,(anonymous_12)
FN:143,(anonymous_13)
FN:161,(anonymous_14)
FN:173,(anonymous_15)
FN:193,(anonymous_16)
FN:201,(anonymous_17)
FN:213,(anonymous_18)
FN:235,(anonymous_19)
FN:253,(anonymous_20)
FN:264,(anonymous_21)
FNF:22
FNH:12
FNDA:61,(anonymous_0)
FNDA:0,(anonymous_1)
FNDA:0,(anonymous_2)
FNDA:25,(anonymous_3)
FNDA:14,(anonymous_4)
FNDA:3,(anonymous_5)
FNDA:0,(anonymous_6)
FNDA:3,(anonymous_7)
FNDA:0,(anonymous_8)
FNDA:0,(anonymous_9)
FNDA:2,(anonymous_10)
FNDA:0,(anonymous_11)
FNDA:0,(anonymous_12)
FNDA:0,(anonymous_13)
FNDA:0,(anonymous_14)
FNDA:0,(anonymous_15)
FNDA:14,(anonymous_16)
FNDA:3,(anonymous_17)
FNDA:6,(anonymous_18)
FNDA:3,(anonymous_19)
FNDA:3,(anonymous_20)
FNDA:3,(anonymous_21)
DA:4,8
DA:5,8
DA:8,8
DA:11,8
DA:14,8
DA:21,8
DA:22,61
DA:27,0
DA:29,0
DA:33,0
DA:44,25
DA:48,14
DA:49,14
DA:60,44
DA:63,0
DA:68,3
DA:73,0
DA:75,0
DA:77,0
DA:81,3
DA:86,0
DA:88,0
DA:90,0
DA:94,0
DA:99,2
DA:101,0
DA:103,2
DA:126,0
DA:131,0
DA:133,0
DA:135,0
DA:145,0
DA:147,0
DA:149,0
DA:151,0
DA:153,0
DA:163,0
DA:165,0
DA:174,0
DA:175,0
DA:177,0
DA:178,0
DA:179,0
DA:181,0
DA:184,0
DA:186,0
DA:202,3
DA:203,3
DA:204,3
DA:205,3
DA:206,3
DA:216,0
DA:218,3
DA:220,0
DA:222,2
DA:224,0
DA:226,1
DA:228,0
DA:236,3
DA:238,0
DA:240,3
DA:242,0
DA:244,0
DA:246,3
DA:255,1
DA:257,2
DA:266,0
DA:268,3
LF:68
LH:29
BRDA:68,0,0,3
BRDA:68,0,1,0
BRDA:68,1,0,3
BRDA:68,1,1,3
BRDA:72,2,0,0
BRDA:72,2,1,0
BRDA:81,3,0,3
BRDA:81,3,1,0
BRDA:81,4,0,3
BRDA:81,4,1,3
BRDA:85,5,0,0
BRDA:85,5,1,0
BRDA:94,6,0,0
BRDA:94,6,1,0
BRDA:94,7,0,0
BRDA:94,7,1,0
BRDA:98,8,0,2
BRDA:98,8,1,2
BRDA:144,9,0,0
BRDA:144,9,1,0
BRDA:148,10,0,0
BRDA:148,10,1,0
BRDA:162,11,0,0
BRDA:162,11,1,0
BRDA:219,12,0,3
BRDA:219,12,1,3
BRDA:221,13,0,3
BRDA:221,13,1,3
BRDA:239,14,0,3
BRDA:239,14,1,3
BRDA:241,15,0,0
BRDA:241,15,1,0
BRDA:243,16,0,0
BRDA:243,16,1,0
BRDA:243,16,2,0
BRDA:254,17,0,3
BRDA:254,17,1,3
BRDA:254,17,2,3
BRDA:254,17,3,3
BRDA:254,17,4,3
BRDA:254,17,5,3
BRDA:255,18,0,1
BRDA:255,18,1,1
BRDA:265,19,0,3
BRDA:265,19,1,3
BRDA:265,19,2,3
BRDA:265,19,3,3
BRF:47
BRH:26
end_of_record
TN:
SF:/build/src/rest/BrowserHTTP.ts
FN:45,(anonymous_6)
FN:53,(anonymous_7)
FN:66,(anonymous_8)
FN:77,(anonymous_9)
FN:85,(anonymous_10)
FN:99,(anonymous_11)
FN:110,(anonymous_12)
FN:118,(anonymous_13)
FN:131,(anonymous_14)
FN:142,(anonymous_15)
FN:150,(anonymous_16)
FN:163,(anonymous_17)
FN:174,(anonymous_18)
FN:199,(anonymous_21)
FN:199,(anonymous_22)
FN:205,(anonymous_23)
FN:220,(anonymous_24)
FN:229,(anonymous_25)
FN:286,(anonymous_26)
FNF:19
FNH:0
FNDA:0,(anonymous_6)
FNDA:0,(anonymous_7)
FNDA:0,(anonymous_8)
FNDA:0,(anonymous_9)
FNDA:0,(anonymous_10)
FNDA:0,(anonymous_11)
FNDA:0,(anonymous_12)
FNDA:0,(anonymous_13)
FNDA:0,(anonymous_14)
FNDA:0,(anonymous_15)
FNDA:0,(anonymous_16)
FNDA:0,(anonymous_17)
FNDA:0,(anonymous_18)
FNDA:0,(anonymous_21)
FNDA:0,(anonymous_22)
FNDA:0,(anonymous_23)
FNDA:0,(anonymous_24)
FNDA:0,(anonymous_25)
FNDA:0,(anonymous_26)
DA:1,1
DA:3,1
DA:7,1
DA:11,1
DA:13,1
DA:14,1
DA:16,1
DA:24,1
DA:46,0
DA:47,0
DA:54,0
DA:55,0
DA:57,0
DA:58,0
DA:59,0
DA:61,0
DA:62,0
DA:64,0
DA:69,0
DA:71,0
DA:73,0
DA:75,0
DA:78,0
DA:86,0
DA:87,0
DA:89,0
DA:90,0
DA:91,0
DA:93,0
DA:94,0
DA:95,0
DA:97,0
DA:102,0
DA:104,0
DA:106,0
DA:108,0
DA:111,0
DA:119,0
DA:120,0
DA:122,0
DA:123,0
DA:124,0
DA:126,0
DA:127,0
DA:129,0
DA:134,0
DA:136,0
DA:138,0
DA:140,0
DA:143,0
DA:151,0
DA:152,0
DA:154,0
DA:155,0
DA:156,0
DA:158,0
DA:159,0
DA:161,0
DA:166,0
DA:168,0
DA:170,0
DA:172,0
DA:175,0
DA:181,0
DA:185,0
DA:186,0
DA:188,0
DA:199,0
DA:200,0
DA:201,0
DA:206,0
DA:207,0
DA:208,0
DA:210,0
DA:221,0
DA:222,0
DA:230,0
DA:237,0
DA:244,0
DA:248,0
DA:250,0
DA:254,0
DA:257,0
DA:260,0
DA:261,0
DA:263,0
DA:265,0
DA:267,0
DA:271,0
DA:275,0
DA:278,0
DA:288,0
DA:290,0
DA:292,0
DA:301,0
DA:303,0
DA:306,0
DA:308,0
LF:98
LH:8
BRDA:45,0,0,0
BRDA:47,1,0,0
BRDA:47,1,1,0
BRDA:68,2,0,0
BRDA:68,2,1,0
BRDA:72,3,0,0
BRDA:72,3,1,0
BRDA:101,4,0,0
BRDA:101,4,1,0
BRDA:105,5,0,0
BRDA:105,5,1,0
BRDA:133,6,0,0
BRDA:133,6,1,0
BRDA:137,7,0,0
BRDA:137,7,1,0
BRDA:165,8,0,0
BRDA:165,8,1,0
BRDA:169,9,0,0
BRDA:169,9,1,0
BRDA:236,10,0,0
BRDA:236,10,1,0
BRDA:236,10,2,0
BRF:22
BRH:0
end_of_record
TN:
SF:/build/src/rest/JsonTransformer.ts
FN:11,(anonymous_0)
FNF:1
FNH:0
FNDA:0,(anonymous_0)
DA:1,8
DA:6,8
DA:14,0
DA:17,0
DA:19,0
DA:24,0
LF:6
LH:2
BRF:0
BRH:0
end_of_record
TN:
SF:/build/src/rest/NodeHTTP.ts
FN:9,(anonymous_0)
FNF:1
FNH:0
FNDA:0,(anonymous_0)
DA:3,0
DA:6,0
DA:8,0
DA:10,0
DA:11,0
DA:12,0
DA:13,0
DA:15,0
LF:8
LH:0
BRF:0
BRH:0
end_of_record
